[0.396s] Invoking command in '/home/andrei/ros2_ws/src/bounding_script_pkg': PYTHONPATH=/home/andrei/ros2_ws/src/bounding_script_pkg/build/bounding_script_pkg/prefix_override:/home/andrei/ros2_ws/src/bounding_script_pkg/install/bounding_script_pkg/lib/python3.10/site-packages:${PYTHONPATH} /usr/bin/python3 setup.py egg_info --egg-base build/bounding_script_pkg build --build-base /home/andrei/ros2_ws/src/bounding_script_pkg/build/bounding_script_pkg/build install --record /home/andrei/ros2_ws/src/bounding_script_pkg/build/bounding_script_pkg/install.log --single-version-externally-managed
[0.521s] running egg_info
[0.522s] creating build/bounding_script_pkg/bounding_script_pkg.egg-info
[0.522s] writing build/bounding_script_pkg/bounding_script_pkg.egg-info/PKG-INFO
[0.522s] writing dependency_links to build/bounding_script_pkg/bounding_script_pkg.egg-info/dependency_links.txt
[0.522s] writing entry points to build/bounding_script_pkg/bounding_script_pkg.egg-info/entry_points.txt
[0.522s] writing requirements to build/bounding_script_pkg/bounding_script_pkg.egg-info/requires.txt
[0.522s] writing top-level names to build/bounding_script_pkg/bounding_script_pkg.egg-info/top_level.txt
[0.522s] writing manifest file 'build/bounding_script_pkg/bounding_script_pkg.egg-info/SOURCES.txt'
[0.523s] reading manifest file 'build/bounding_script_pkg/bounding_script_pkg.egg-info/SOURCES.txt'
[0.524s] writing manifest file 'build/bounding_script_pkg/bounding_script_pkg.egg-info/SOURCES.txt'
[0.524s] running build
[0.524s] running build_py
[0.524s] creating /home/andrei/ros2_ws/src/bounding_script_pkg/build/bounding_script_pkg/build
[0.524s] creating /home/andrei/ros2_ws/src/bounding_script_pkg/build/bounding_script_pkg/build/lib
[0.524s] creating /home/andrei/ros2_ws/src/bounding_script_pkg/build/bounding_script_pkg/build/lib/bounding_script_pkg
[0.524s] copying bounding_script_pkg/image_subscriber.py -> /home/andrei/ros2_ws/src/bounding_script_pkg/build/bounding_script_pkg/build/lib/bounding_script_pkg
[0.524s] copying bounding_script_pkg/__init__.py -> /home/andrei/ros2_ws/src/bounding_script_pkg/build/bounding_script_pkg/build/lib/bounding_script_pkg
[0.524s] running install
[0.524s] running install_lib
[0.525s] /usr/lib/python3/dist-packages/setuptools/command/install.py:34: SetuptoolsDeprecationWarning: setup.py install is deprecated. Use build and pip and other standards-based tools.
[0.525s]   warnings.warn(
[0.525s] creating /home/andrei/ros2_ws/src/bounding_script_pkg/install/bounding_script_pkg/lib/python3.10/site-packages/bounding_script_pkg
[0.525s] copying /home/andrei/ros2_ws/src/bounding_script_pkg/build/bounding_script_pkg/build/lib/bounding_script_pkg/image_subscriber.py -> /home/andrei/ros2_ws/src/bounding_script_pkg/install/bounding_script_pkg/lib/python3.10/site-packages/bounding_script_pkg
[0.525s] copying /home/andrei/ros2_ws/src/bounding_script_pkg/build/bounding_script_pkg/build/lib/bounding_script_pkg/__init__.py -> /home/andrei/ros2_ws/src/bounding_script_pkg/install/bounding_script_pkg/lib/python3.10/site-packages/bounding_script_pkg
[0.525s] byte-compiling /home/andrei/ros2_ws/src/bounding_script_pkg/install/bounding_script_pkg/lib/python3.10/site-packages/bounding_script_pkg/image_subscriber.py to image_subscriber.cpython-310.pyc
[0.525s] byte-compiling /home/andrei/ros2_ws/src/bounding_script_pkg/install/bounding_script_pkg/lib/python3.10/site-packages/bounding_script_pkg/__init__.py to __init__.cpython-310.pyc
[0.525s] running install_data
[0.526s] creating /home/andrei/ros2_ws/src/bounding_script_pkg/install/bounding_script_pkg/share/ament_index
[0.526s] creating /home/andrei/ros2_ws/src/bounding_script_pkg/install/bounding_script_pkg/share/ament_index/resource_index
[0.526s] creating /home/andrei/ros2_ws/src/bounding_script_pkg/install/bounding_script_pkg/share/ament_index/resource_index/packages
[0.526s] copying resource/bounding_script_pkg -> /home/andrei/ros2_ws/src/bounding_script_pkg/install/bounding_script_pkg/share/ament_index/resource_index/packages
[0.526s] copying package.xml -> /home/andrei/ros2_ws/src/bounding_script_pkg/install/bounding_script_pkg/share/bounding_script_pkg
[0.526s] running install_egg_info
[0.527s] Copying build/bounding_script_pkg/bounding_script_pkg.egg-info to /home/andrei/ros2_ws/src/bounding_script_pkg/install/bounding_script_pkg/lib/python3.10/site-packages/bounding_script_pkg-0.0.0-py3.10.egg-info
[0.527s] running install_scripts
[0.542s] Installing image_subscriber script to /home/andrei/ros2_ws/src/bounding_script_pkg/install/bounding_script_pkg/lib/bounding_script_pkg
[0.542s] writing list of installed files to '/home/andrei/ros2_ws/src/bounding_script_pkg/build/bounding_script_pkg/install.log'
[0.560s] Invoked command in '/home/andrei/ros2_ws/src/bounding_script_pkg' returned '0': PYTHONPATH=/home/andrei/ros2_ws/src/bounding_script_pkg/build/bounding_script_pkg/prefix_override:/home/andrei/ros2_ws/src/bounding_script_pkg/install/bounding_script_pkg/lib/python3.10/site-packages:${PYTHONPATH} /usr/bin/python3 setup.py egg_info --egg-base build/bounding_script_pkg build --build-base /home/andrei/ros2_ws/src/bounding_script_pkg/build/bounding_script_pkg/build install --record /home/andrei/ros2_ws/src/bounding_script_pkg/build/bounding_script_pkg/install.log --single-version-externally-managed
