running egg_info
writing ../../build/sjtu_drone_bringup/sjtu_drone_bringup.egg-info/PKG-INFO
writing dependency_links to ../../build/sjtu_drone_bringup/sjtu_drone_bringup.egg-info/dependency_links.txt
writing entry points to ../../build/sjtu_drone_bringup/sjtu_drone_bringup.egg-info/entry_points.txt
writing requirements to ../../build/sjtu_drone_bringup/sjtu_drone_bringup.egg-info/requires.txt
writing top-level names to ../../build/sjtu_drone_bringup/sjtu_drone_bringup.egg-info/top_level.txt
reading manifest file '../../build/sjtu_drone_bringup/sjtu_drone_bringup.egg-info/SOURCES.txt'
/home/andrei/.local/lib/python3.10/site-packages/setuptools/_distutils/cmd.py:66: SetuptoolsDeprecationWarning: setup.py install is deprecated.
!!

        ********************************************************************************
        Please avoid running ``setup.py`` directly.
        Instead, use pypa/build, pypa/installer or other
        standards-based tools.

        See https://blog.ganssle.io/articles/2021/10/setup-py-deprecated.html for details.
        ********************************************************************************

!!
  self.initialize_options()
writing manifest file '../../build/sjtu_drone_bringup/sjtu_drone_bringup.egg-info/SOURCES.txt'
running build
running build_py
copying sjtu_drone_bringup/spawn_drone.py -> /home/andrei/ros2_ws/build/sjtu_drone_bringup/build/lib/sjtu_drone_bringup
copying sjtu_drone_bringup/__init__.py -> /home/andrei/ros2_ws/build/sjtu_drone_bringup/build/lib/sjtu_drone_bringup
running install
running install_lib
running install_data
copying resource/sjtu_drone_bringup -> /home/andrei/ros2_ws/install/sjtu_drone_bringup/share/ament_index/resource_index/packages
copying package.xml -> /home/andrei/ros2_ws/install/sjtu_drone_bringup/share/sjtu_drone_bringup
copying launch/sjtu_drone_bringup.launch.py -> /home/andrei/ros2_ws/install/sjtu_drone_bringup/share/sjtu_drone_bringup/launch
copying launch/sjtu_drone_gazebo.launch.py -> /home/andrei/ros2_ws/install/sjtu_drone_bringup/share/sjtu_drone_bringup/launch
copying rviz/rviz.rviz -> /home/andrei/ros2_ws/install/sjtu_drone_bringup/share/sjtu_drone_bringup/rviz
running install_egg_info
removing '/home/andrei/ros2_ws/install/sjtu_drone_bringup/lib/python3.10/site-packages/sjtu_drone_bringup-0.0.0-py3.10.egg-info' (and everything under it)
Copying ../../build/sjtu_drone_bringup/sjtu_drone_bringup.egg-info to /home/andrei/ros2_ws/install/sjtu_drone_bringup/lib/python3.10/site-packages/sjtu_drone_bringup-0.0.0-py3.10.egg-info
running install_scripts
Installing spawn_drone script to /home/andrei/ros2_ws/install/sjtu_drone_bringup/lib/sjtu_drone_bringup
writing list of installed files to '/home/andrei/ros2_ws/build/sjtu_drone_bringup/install.log'
