[0.047s] Invoking command in '/home/andrei/ros2_ws/build/velodyne_simulator': CMAKE_PREFIX_PATH=/home/andrei/ros2_ws/install/velodyne_gazebo_plugins:/home/andrei/ros2_ws/install/velodyne_description:/home/andrei/ros2_ws/install/point_cloud_transformer:/home/andrei/ros2_ws/install/velodyne_simulator:/home/andrei/ros2_ws/install/sjtu_drone_description:/home/andrei/ros2_ws/install/yolov5_ros:/home/andrei/ros2_ws/install/sjtu_drone_bringup:/home/andrei/ros2_ws/install/bounding_script_pkg:/opt/ros/humble LD_LIBRARY_PATH=/home/andrei/ros2_ws/install/velodyne_gazebo_plugins/lib:/home/andrei/ros2_ws/install/sjtu_drone_description/lib:/usr/lib/x86_64-linux-gnu/gazebo-11/plugins:/opt/ros/humble/opt/rviz_ogre_vendor/lib:/opt/ros/humble/lib/x86_64-linux-gnu:/opt/ros/humble/lib:/usr/lib/nvidia-cuda-toolkit/lib64:/usr/lib/nvidia-cuda-toolkit/lib64 /usr/bin/cmake /home/andrei/ros2_ws/src/velodyne_simulator/velodyne_simulator -DCMAKE_INSTALL_PREFIX=/home/andrei/ros2_ws/install/velodyne_simulator
[0.078s] -- The C compiler identification is GNU 9.5.0
[0.111s] -- The CXX compiler identification is GNU 9.5.0
[0.116s] -- Detecting C compiler ABI info
[0.156s] -- Detecting C compiler ABI info - done
[0.160s] -- Check for working C compiler: /usr/bin/cc - skipped
[0.161s] -- Detecting C compile features
[0.161s] -- Detecting C compile features - done
[0.163s] -- Detecting CXX compiler ABI info
[0.211s] -- Detecting CXX compiler ABI info - done
[0.215s] -- Check for working CXX compiler: /usr/bin/c++ - skipped
[0.215s] -- Detecting CXX compile features
[0.215s] -- Detecting CXX compile features - done
[0.217s] -- Found ament_cmake: 1.3.9 (/opt/ros/humble/share/ament_cmake/cmake)
[0.444s] -- Found Python3: /usr/bin/python3 (found version "3.10.12") found components: Interpreter 
[0.500s] -- Found ament_lint_auto: 0.12.10 (/opt/ros/humble/share/ament_lint_auto/cmake)
[0.541s] -- Configuring done
[0.542s] -- Generating done
[0.542s] -- Build files have been written to: /home/andrei/ros2_ws/build/velodyne_simulator
[0.545s] Invoked command in '/home/andrei/ros2_ws/build/velodyne_simulator' returned '0': CMAKE_PREFIX_PATH=/home/andrei/ros2_ws/install/velodyne_gazebo_plugins:/home/andrei/ros2_ws/install/velodyne_description:/home/andrei/ros2_ws/install/point_cloud_transformer:/home/andrei/ros2_ws/install/velodyne_simulator:/home/andrei/ros2_ws/install/sjtu_drone_description:/home/andrei/ros2_ws/install/yolov5_ros:/home/andrei/ros2_ws/install/sjtu_drone_bringup:/home/andrei/ros2_ws/install/bounding_script_pkg:/opt/ros/humble LD_LIBRARY_PATH=/home/andrei/ros2_ws/install/velodyne_gazebo_plugins/lib:/home/andrei/ros2_ws/install/sjtu_drone_description/lib:/usr/lib/x86_64-linux-gnu/gazebo-11/plugins:/opt/ros/humble/opt/rviz_ogre_vendor/lib:/opt/ros/humble/lib/x86_64-linux-gnu:/opt/ros/humble/lib:/usr/lib/nvidia-cuda-toolkit/lib64:/usr/lib/nvidia-cuda-toolkit/lib64 /usr/bin/cmake /home/andrei/ros2_ws/src/velodyne_simulator/velodyne_simulator -DCMAKE_INSTALL_PREFIX=/home/andrei/ros2_ws/install/velodyne_simulator
[0.546s] Invoking command in '/home/andrei/ros2_ws/build/velodyne_simulator': CMAKE_PREFIX_PATH=/home/andrei/ros2_ws/install/velodyne_gazebo_plugins:/home/andrei/ros2_ws/install/velodyne_description:/home/andrei/ros2_ws/install/point_cloud_transformer:/home/andrei/ros2_ws/install/velodyne_simulator:/home/andrei/ros2_ws/install/sjtu_drone_description:/home/andrei/ros2_ws/install/yolov5_ros:/home/andrei/ros2_ws/install/sjtu_drone_bringup:/home/andrei/ros2_ws/install/bounding_script_pkg:/opt/ros/humble LD_LIBRARY_PATH=/home/andrei/ros2_ws/install/velodyne_gazebo_plugins/lib:/home/andrei/ros2_ws/install/sjtu_drone_description/lib:/usr/lib/x86_64-linux-gnu/gazebo-11/plugins:/opt/ros/humble/opt/rviz_ogre_vendor/lib:/opt/ros/humble/lib/x86_64-linux-gnu:/opt/ros/humble/lib:/usr/lib/nvidia-cuda-toolkit/lib64:/usr/lib/nvidia-cuda-toolkit/lib64 /usr/bin/cmake --build /home/andrei/ros2_ws/build/velodyne_simulator -- -j16 -l16
[0.570s] Invoked command in '/home/andrei/ros2_ws/build/velodyne_simulator' returned '0': CMAKE_PREFIX_PATH=/home/andrei/ros2_ws/install/velodyne_gazebo_plugins:/home/andrei/ros2_ws/install/velodyne_description:/home/andrei/ros2_ws/install/point_cloud_transformer:/home/andrei/ros2_ws/install/velodyne_simulator:/home/andrei/ros2_ws/install/sjtu_drone_description:/home/andrei/ros2_ws/install/yolov5_ros:/home/andrei/ros2_ws/install/sjtu_drone_bringup:/home/andrei/ros2_ws/install/bounding_script_pkg:/opt/ros/humble LD_LIBRARY_PATH=/home/andrei/ros2_ws/install/velodyne_gazebo_plugins/lib:/home/andrei/ros2_ws/install/sjtu_drone_description/lib:/usr/lib/x86_64-linux-gnu/gazebo-11/plugins:/opt/ros/humble/opt/rviz_ogre_vendor/lib:/opt/ros/humble/lib/x86_64-linux-gnu:/opt/ros/humble/lib:/usr/lib/nvidia-cuda-toolkit/lib64:/usr/lib/nvidia-cuda-toolkit/lib64 /usr/bin/cmake --build /home/andrei/ros2_ws/build/velodyne_simulator -- -j16 -l16
[0.584s] Invoking command in '/home/andrei/ros2_ws/build/velodyne_simulator': CMAKE_PREFIX_PATH=/home/andrei/ros2_ws/install/velodyne_gazebo_plugins:/home/andrei/ros2_ws/install/velodyne_description:/home/andrei/ros2_ws/install/point_cloud_transformer:/home/andrei/ros2_ws/install/velodyne_simulator:/home/andrei/ros2_ws/install/sjtu_drone_description:/home/andrei/ros2_ws/install/yolov5_ros:/home/andrei/ros2_ws/install/sjtu_drone_bringup:/home/andrei/ros2_ws/install/bounding_script_pkg:/opt/ros/humble LD_LIBRARY_PATH=/home/andrei/ros2_ws/install/velodyne_gazebo_plugins/lib:/home/andrei/ros2_ws/install/sjtu_drone_description/lib:/usr/lib/x86_64-linux-gnu/gazebo-11/plugins:/opt/ros/humble/opt/rviz_ogre_vendor/lib:/opt/ros/humble/lib/x86_64-linux-gnu:/opt/ros/humble/lib:/usr/lib/nvidia-cuda-toolkit/lib64:/usr/lib/nvidia-cuda-toolkit/lib64 /usr/bin/cmake --install /home/andrei/ros2_ws/build/velodyne_simulator
[0.589s] -- Install configuration: ""
[0.589s] -- Installing: /home/andrei/ros2_ws/install/velodyne_simulator/share/ament_index/resource_index/package_run_dependencies/velodyne_simulator
[0.590s] -- Installing: /home/andrei/ros2_ws/install/velodyne_simulator/share/ament_index/resource_index/parent_prefix_path/velodyne_simulator
[0.590s] -- Installing: /home/andrei/ros2_ws/install/velodyne_simulator/share/velodyne_simulator/environment/ament_prefix_path.sh
[0.590s] -- Installing: /home/andrei/ros2_ws/install/velodyne_simulator/share/velodyne_simulator/environment/ament_prefix_path.dsv
[0.590s] -- Installing: /home/andrei/ros2_ws/install/velodyne_simulator/share/velodyne_simulator/environment/path.sh
[0.590s] -- Installing: /home/andrei/ros2_ws/install/velodyne_simulator/share/velodyne_simulator/environment/path.dsv
[0.590s] -- Installing: /home/andrei/ros2_ws/install/velodyne_simulator/share/velodyne_simulator/local_setup.bash
[0.590s] -- Installing: /home/andrei/ros2_ws/install/velodyne_simulator/share/velodyne_simulator/local_setup.sh
[0.590s] -- Installing: /home/andrei/ros2_ws/install/velodyne_simulator/share/velodyne_simulator/local_setup.zsh
[0.590s] -- Installing: /home/andrei/ros2_ws/install/velodyne_simulator/share/velodyne_simulator/local_setup.dsv
[0.590s] -- Installing: /home/andrei/ros2_ws/install/velodyne_simulator/share/velodyne_simulator/package.dsv
[0.590s] -- Installing: /home/andrei/ros2_ws/install/velodyne_simulator/share/ament_index/resource_index/packages/velodyne_simulator
[0.590s] -- Installing: /home/andrei/ros2_ws/install/velodyne_simulator/share/velodyne_simulator/cmake/velodyne_simulatorConfig.cmake
[0.590s] -- Installing: /home/andrei/ros2_ws/install/velodyne_simulator/share/velodyne_simulator/cmake/velodyne_simulatorConfig-version.cmake
[0.590s] -- Installing: /home/andrei/ros2_ws/install/velodyne_simulator/share/velodyne_simulator/package.xml
[0.591s] Invoked command in '/home/andrei/ros2_ws/build/velodyne_simulator' returned '0': CMAKE_PREFIX_PATH=/home/andrei/ros2_ws/install/velodyne_gazebo_plugins:/home/andrei/ros2_ws/install/velodyne_description:/home/andrei/ros2_ws/install/point_cloud_transformer:/home/andrei/ros2_ws/install/velodyne_simulator:/home/andrei/ros2_ws/install/sjtu_drone_description:/home/andrei/ros2_ws/install/yolov5_ros:/home/andrei/ros2_ws/install/sjtu_drone_bringup:/home/andrei/ros2_ws/install/bounding_script_pkg:/opt/ros/humble LD_LIBRARY_PATH=/home/andrei/ros2_ws/install/velodyne_gazebo_plugins/lib:/home/andrei/ros2_ws/install/sjtu_drone_description/lib:/usr/lib/x86_64-linux-gnu/gazebo-11/plugins:/opt/ros/humble/opt/rviz_ogre_vendor/lib:/opt/ros/humble/lib/x86_64-linux-gnu:/opt/ros/humble/lib:/usr/lib/nvidia-cuda-toolkit/lib64:/usr/lib/nvidia-cuda-toolkit/lib64 /usr/bin/cmake --install /home/andrei/ros2_ws/build/velodyne_simulator
