[0.424s] Invoking command in '/home/andrei/ros2_ws/build/sjtu_drone_description': CMAKE_PREFIX_PATH=${CMAKE_PREFIX_PATH}:/home/andrei/ros2_ws/install/yolov5_ros:/home/andrei/ros2_ws/install/sjtu_drone_bringup:/home/andrei/ros2_ws/install/bounding_script_pkg:/opt/ros/humble /usr/bin/cmake --build /home/andrei/ros2_ws/build/sjtu_drone_description -- -j16 -l16
[0.482s] [100%] Built target plugin_drone
[0.601s] Invoked command in '/home/andrei/ros2_ws/build/sjtu_drone_description' returned '0': CMAKE_PREFIX_PATH=${CMAKE_PREFIX_PATH}:/home/andrei/ros2_ws/install/yolov5_ros:/home/andrei/ros2_ws/install/sjtu_drone_bringup:/home/andrei/ros2_ws/install/bounding_script_pkg:/opt/ros/humble /usr/bin/cmake --build /home/andrei/ros2_ws/build/sjtu_drone_description -- -j16 -l16
[0.623s] Invoking command in '/home/andrei/ros2_ws/build/sjtu_drone_description': CMAKE_PREFIX_PATH=${CMAKE_PREFIX_PATH}:/home/andrei/ros2_ws/install/yolov5_ros:/home/andrei/ros2_ws/install/sjtu_drone_bringup:/home/andrei/ros2_ws/install/bounding_script_pkg:/opt/ros/humble /usr/bin/cmake --install /home/andrei/ros2_ws/build/sjtu_drone_description
[0.634s] -- Install configuration: ""
[0.634s] -- Up-to-date: /home/andrei/ros2_ws/install/sjtu_drone_description/include
[0.634s] -- Up-to-date: /home/andrei/ros2_ws/install/sjtu_drone_description/include/pid_controller.h
[0.634s] -- Up-to-date: /home/andrei/ros2_ws/install/sjtu_drone_description/include/plugin_drone.h
[0.634s] -- Up-to-date: /home/andrei/ros2_ws/install/sjtu_drone_description/lib/libplugin_drone.so
[0.634s] -- Up-to-date: /home/andrei/ros2_ws/install/sjtu_drone_description/share/sjtu_drone_description/environment/library_path.sh
[0.634s] -- Up-to-date: /home/andrei/ros2_ws/install/sjtu_drone_description/share/sjtu_drone_description/environment/library_path.dsv
[0.634s] -- Up-to-date: /home/andrei/ros2_ws/install/sjtu_drone_description/share/sjtu_drone_description/models
[0.634s] -- Up-to-date: /home/andrei/ros2_ws/install/sjtu_drone_description/share/sjtu_drone_description/models/sjtu_drone
[0.635s] -- Up-to-date: /home/andrei/ros2_ws/install/sjtu_drone_description/share/sjtu_drone_description/models/sjtu_drone/model.config
[0.635s] -- Up-to-date: /home/andrei/ros2_ws/install/sjtu_drone_description/share/sjtu_drone_description/models/sjtu_drone/quadrotor_4.stl
[0.635s] -- Up-to-date: /home/andrei/ros2_ws/install/sjtu_drone_description/share/sjtu_drone_description/models/sjtu_drone/sjtu_drone.sdf
[0.635s] -- Up-to-date: /home/andrei/ros2_ws/install/sjtu_drone_description/share/sjtu_drone_description/models/sjtu_drone/quadrotor_4.dae
[0.635s] -- Up-to-date: /home/andrei/ros2_ws/install/sjtu_drone_description/share/sjtu_drone_description/models/database.config
[0.635s] -- Up-to-date: /home/andrei/ros2_ws/install/sjtu_drone_description/share/sjtu_drone_description/urdf
[0.635s] -- Up-to-date: /home/andrei/ros2_ws/install/sjtu_drone_description/share/sjtu_drone_description/urdf/build
[0.635s] -- Up-to-date: /home/andrei/ros2_ws/install/sjtu_drone_description/share/sjtu_drone_description/urdf/build/COLCON_IGNORE
[0.635s] -- Up-to-date: /home/andrei/ros2_ws/install/sjtu_drone_description/share/sjtu_drone_description/urdf/build/.built_by
[0.635s] -- Up-to-date: /home/andrei/ros2_ws/install/sjtu_drone_description/share/sjtu_drone_description/urdf/log
[0.635s] -- Up-to-date: /home/andrei/ros2_ws/install/sjtu_drone_description/share/sjtu_drone_description/urdf/log/COLCON_IGNORE
[0.635s] -- Up-to-date: /home/andrei/ros2_ws/install/sjtu_drone_description/share/sjtu_drone_description/urdf/log/latest_build
[0.635s] -- Up-to-date: /home/andrei/ros2_ws/install/sjtu_drone_description/share/sjtu_drone_description/urdf/log/latest
[0.635s] -- Up-to-date: /home/andrei/ros2_ws/install/sjtu_drone_description/share/sjtu_drone_description/urdf/log/build_2024-05-08_20-07-16
[0.635s] -- Up-to-date: /home/andrei/ros2_ws/install/sjtu_drone_description/share/sjtu_drone_description/urdf/log/build_2024-05-08_20-07-16/logger_all.log
[0.635s] -- Up-to-date: /home/andrei/ros2_ws/install/sjtu_drone_description/share/sjtu_drone_description/urdf/log/build_2024-05-08_20-07-16/events.log
[0.635s] -- Up-to-date: /home/andrei/ros2_ws/install/sjtu_drone_description/share/sjtu_drone_description/urdf/sjtu_drone.urdf.xacro
[0.635s] -- Up-to-date: /home/andrei/ros2_ws/install/sjtu_drone_description/share/sjtu_drone_description/urdf/install
[0.635s] -- Up-to-date: /home/andrei/ros2_ws/install/sjtu_drone_description/share/sjtu_drone_description/urdf/install/.colcon_install_layout
[0.635s] -- Up-to-date: /home/andrei/ros2_ws/install/sjtu_drone_description/share/sjtu_drone_description/urdf/install/local_setup.sh
[0.635s] -- Up-to-date: /home/andrei/ros2_ws/install/sjtu_drone_description/share/sjtu_drone_description/urdf/install/setup.zsh
[0.635s] -- Up-to-date: /home/andrei/ros2_ws/install/sjtu_drone_description/share/sjtu_drone_description/urdf/install/COLCON_IGNORE
[0.635s] -- Up-to-date: /home/andrei/ros2_ws/install/sjtu_drone_description/share/sjtu_drone_description/urdf/install/_local_setup_util_ps1.py
[0.635s] -- Up-to-date: /home/andrei/ros2_ws/install/sjtu_drone_description/share/sjtu_drone_description/urdf/install/local_setup.bash
[0.635s] -- Up-to-date: /home/andrei/ros2_ws/install/sjtu_drone_description/share/sjtu_drone_description/urdf/install/_local_setup_util_sh.py
[0.635s] -- Up-to-date: /home/andrei/ros2_ws/install/sjtu_drone_description/share/sjtu_drone_description/urdf/install/setup.ps1
[0.635s] -- Up-to-date: /home/andrei/ros2_ws/install/sjtu_drone_description/share/sjtu_drone_description/urdf/install/local_setup.zsh
[0.635s] -- Up-to-date: /home/andrei/ros2_ws/install/sjtu_drone_description/share/sjtu_drone_description/urdf/install/setup.sh
[0.636s] -- Up-to-date: /home/andrei/ros2_ws/install/sjtu_drone_description/share/sjtu_drone_description/urdf/install/local_setup.ps1
[0.636s] -- Up-to-date: /home/andrei/ros2_ws/install/sjtu_drone_description/share/sjtu_drone_description/urdf/install/setup.bash
[0.636s] -- Up-to-date: /home/andrei/ros2_ws/install/sjtu_drone_description/share/sjtu_drone_description/urdf/sjtu_drone.urdf
[0.636s] -- Up-to-date: /home/andrei/ros2_ws/install/sjtu_drone_description/share/sjtu_drone_description/worlds
[0.636s] -- Up-to-date: /home/andrei/ros2_ws/install/sjtu_drone_description/share/sjtu_drone_description/worlds/data
[0.636s] -- Up-to-date: /home/andrei/ros2_ws/install/sjtu_drone_description/share/sjtu_drone_description/worlds/playground.world
[0.636s] -- Up-to-date: /home/andrei/ros2_ws/install/sjtu_drone_description/share/ament_index/resource_index/package_run_dependencies/sjtu_drone_description
[0.636s] -- Up-to-date: /home/andrei/ros2_ws/install/sjtu_drone_description/share/ament_index/resource_index/parent_prefix_path/sjtu_drone_description
[0.636s] -- Up-to-date: /home/andrei/ros2_ws/install/sjtu_drone_description/share/sjtu_drone_description/environment/ament_prefix_path.sh
[0.636s] -- Up-to-date: /home/andrei/ros2_ws/install/sjtu_drone_description/share/sjtu_drone_description/environment/ament_prefix_path.dsv
[0.636s] -- Up-to-date: /home/andrei/ros2_ws/install/sjtu_drone_description/share/sjtu_drone_description/environment/path.sh
[0.636s] -- Up-to-date: /home/andrei/ros2_ws/install/sjtu_drone_description/share/sjtu_drone_description/environment/path.dsv
[0.636s] -- Up-to-date: /home/andrei/ros2_ws/install/sjtu_drone_description/share/sjtu_drone_description/local_setup.bash
[0.636s] -- Up-to-date: /home/andrei/ros2_ws/install/sjtu_drone_description/share/sjtu_drone_description/local_setup.sh
[0.636s] -- Up-to-date: /home/andrei/ros2_ws/install/sjtu_drone_description/share/sjtu_drone_description/local_setup.zsh
[0.636s] -- Up-to-date: /home/andrei/ros2_ws/install/sjtu_drone_description/share/sjtu_drone_description/local_setup.dsv
[0.636s] -- Installing: /home/andrei/ros2_ws/install/sjtu_drone_description/share/sjtu_drone_description/package.dsv
[0.636s] -- Up-to-date: /home/andrei/ros2_ws/install/sjtu_drone_description/share/ament_index/resource_index/packages/sjtu_drone_description
[0.636s] -- Up-to-date: /home/andrei/ros2_ws/install/sjtu_drone_description/share/sjtu_drone_description/cmake/export_sjtu_drone_descriptionExport.cmake
[0.636s] -- Up-to-date: /home/andrei/ros2_ws/install/sjtu_drone_description/share/sjtu_drone_description/cmake/export_sjtu_drone_descriptionExport-noconfig.cmake
[0.636s] -- Up-to-date: /home/andrei/ros2_ws/install/sjtu_drone_description/share/sjtu_drone_description/cmake/ament_cmake_export_include_directories-extras.cmake
[0.636s] -- Up-to-date: /home/andrei/ros2_ws/install/sjtu_drone_description/share/sjtu_drone_description/cmake/ament_cmake_export_libraries-extras.cmake
[0.636s] -- Up-to-date: /home/andrei/ros2_ws/install/sjtu_drone_description/share/sjtu_drone_description/cmake/ament_cmake_export_targets-extras.cmake
[0.636s] -- Up-to-date: /home/andrei/ros2_ws/install/sjtu_drone_description/share/sjtu_drone_description/cmake/sjtu_drone_descriptionConfig.cmake
[0.636s] -- Up-to-date: /home/andrei/ros2_ws/install/sjtu_drone_description/share/sjtu_drone_description/cmake/sjtu_drone_descriptionConfig-version.cmake
[0.636s] -- Up-to-date: /home/andrei/ros2_ws/install/sjtu_drone_description/share/sjtu_drone_description/package.xml
[0.704s] Invoked command in '/home/andrei/ros2_ws/build/sjtu_drone_description' returned '0': CMAKE_PREFIX_PATH=${CMAKE_PREFIX_PATH}:/home/andrei/ros2_ws/install/yolov5_ros:/home/andrei/ros2_ws/install/sjtu_drone_bringup:/home/andrei/ros2_ws/install/bounding_script_pkg:/opt/ros/humble /usr/bin/cmake --install /home/andrei/ros2_ws/build/sjtu_drone_description
