[0.266s] Invoking command in '/home/andrei/ros2_ws/build/velodyne_description': CMAKE_PREFIX_PATH=${CMAKE_PREFIX_PATH}:/home/andrei/ros2_ws/install/yolov5_ros:/home/andrei/ros2_ws/install/sjtu_drone_bringup:/home/andrei/ros2_ws/install/bounding_script_pkg:/opt/ros/humble /usr/bin/cmake /home/andrei/ros2_ws/src/velodyne_simulator/velodyne_description -DCMAKE_INSTALL_PREFIX=/home/andrei/ros2_ws/install/velodyne_description
[0.599s] -- The C compiler identification is GNU 9.5.0
[0.599s] -- The CXX compiler identification is GNU 9.5.0
[0.599s] -- Detecting C compiler ABI info
[0.599s] -- Detecting C compiler ABI info - done
[0.599s] -- Check for working C compiler: /usr/bin/cc - skipped
[0.599s] -- Detecting C compile features
[0.599s] -- Detecting C compile features - done
[0.599s] -- Detecting CXX compiler ABI info
[0.599s] -- Detecting CXX compiler ABI info - done
[0.600s] -- Check for working CXX compiler: /usr/bin/c++ - skipped
[0.600s] -- Detecting CXX compile features
[0.600s] -- Detecting CXX compile features - done
[0.600s] -- Found ament_cmake: 1.3.9 (/opt/ros/humble/share/ament_cmake/cmake)
[0.669s] -- Found Python3: /usr/bin/python3 (found version "3.10.12") found components: Interpreter 
[0.770s] -- Configuring done
[0.772s] -- Generating done
[0.773s] -- Build files have been written to: /home/andrei/ros2_ws/build/velodyne_description
[0.815s] Invoked command in '/home/andrei/ros2_ws/build/velodyne_description' returned '0': CMAKE_PREFIX_PATH=${CMAKE_PREFIX_PATH}:/home/andrei/ros2_ws/install/yolov5_ros:/home/andrei/ros2_ws/install/sjtu_drone_bringup:/home/andrei/ros2_ws/install/bounding_script_pkg:/opt/ros/humble /usr/bin/cmake /home/andrei/ros2_ws/src/velodyne_simulator/velodyne_description -DCMAKE_INSTALL_PREFIX=/home/andrei/ros2_ws/install/velodyne_description
[0.817s] Invoking command in '/home/andrei/ros2_ws/build/velodyne_description': CMAKE_PREFIX_PATH=${CMAKE_PREFIX_PATH}:/home/andrei/ros2_ws/install/yolov5_ros:/home/andrei/ros2_ws/install/sjtu_drone_bringup:/home/andrei/ros2_ws/install/bounding_script_pkg:/opt/ros/humble /usr/bin/cmake --build /home/andrei/ros2_ws/build/velodyne_description -- -j16 -l16
[0.850s] Invoked command in '/home/andrei/ros2_ws/build/velodyne_description' returned '0': CMAKE_PREFIX_PATH=${CMAKE_PREFIX_PATH}:/home/andrei/ros2_ws/install/yolov5_ros:/home/andrei/ros2_ws/install/sjtu_drone_bringup:/home/andrei/ros2_ws/install/bounding_script_pkg:/opt/ros/humble /usr/bin/cmake --build /home/andrei/ros2_ws/build/velodyne_description -- -j16 -l16
[0.877s] Invoking command in '/home/andrei/ros2_ws/build/velodyne_description': CMAKE_PREFIX_PATH=${CMAKE_PREFIX_PATH}:/home/andrei/ros2_ws/install/yolov5_ros:/home/andrei/ros2_ws/install/sjtu_drone_bringup:/home/andrei/ros2_ws/install/bounding_script_pkg:/opt/ros/humble /usr/bin/cmake --install /home/andrei/ros2_ws/build/velodyne_description
[0.885s] -- Install configuration: ""
[0.885s] -- Installing: /home/andrei/ros2_ws/install/velodyne_description/share/ament_index/resource_index/package_run_dependencies/velodyne_description
[0.885s] -- Installing: /home/andrei/ros2_ws/install/velodyne_description/share/ament_index/resource_index/parent_prefix_path/velodyne_description
[0.886s] -- Installing: /home/andrei/ros2_ws/install/velodyne_description/share/velodyne_description/environment/ament_prefix_path.sh
[0.886s] -- Installing: /home/andrei/ros2_ws/install/velodyne_description/share/velodyne_description/environment/ament_prefix_path.dsv
[0.886s] -- Installing: /home/andrei/ros2_ws/install/velodyne_description/share/velodyne_description/environment/path.sh
[0.886s] -- Installing: /home/andrei/ros2_ws/install/velodyne_description/share/velodyne_description/environment/path.dsv
[0.886s] -- Installing: /home/andrei/ros2_ws/install/velodyne_description/share/velodyne_description/local_setup.bash
[0.886s] -- Installing: /home/andrei/ros2_ws/install/velodyne_description/share/velodyne_description/local_setup.sh
[0.886s] -- Installing: /home/andrei/ros2_ws/install/velodyne_description/share/velodyne_description/local_setup.zsh
[0.886s] -- Installing: /home/andrei/ros2_ws/install/velodyne_description/share/velodyne_description/local_setup.dsv
[0.886s] -- Installing: /home/andrei/ros2_ws/install/velodyne_description/share/velodyne_description/package.dsv
[0.887s] -- Installing: /home/andrei/ros2_ws/install/velodyne_description/share/ament_index/resource_index/packages/velodyne_description
[0.887s] -- Installing: /home/andrei/ros2_ws/install/velodyne_description/share/velodyne_description/cmake/velodyne_descriptionConfig.cmake
[0.887s] -- Installing: /home/andrei/ros2_ws/install/velodyne_description/share/velodyne_description/cmake/velodyne_descriptionConfig-version.cmake
[0.887s] -- Installing: /home/andrei/ros2_ws/install/velodyne_description/share/velodyne_description/package.xml
[0.887s] -- Installing: /home/andrei/ros2_ws/install/velodyne_description/share/velodyne_description/launch
[0.887s] -- Installing: /home/andrei/ros2_ws/install/velodyne_description/share/velodyne_description/launch/example-launch.py
[0.887s] -- Installing: /home/andrei/ros2_ws/install/velodyne_description/share/velodyne_description/meshes
[0.887s] -- Installing: /home/andrei/ros2_ws/install/velodyne_description/share/velodyne_description/meshes/HDL32E_base.dae
[0.888s] -- Installing: /home/andrei/ros2_ws/install/velodyne_description/share/velodyne_description/meshes/VLP16_scan.dae
[0.888s] -- Installing: /home/andrei/ros2_ws/install/velodyne_description/share/velodyne_description/meshes/VLP16_base_1.dae
[0.888s] -- Installing: /home/andrei/ros2_ws/install/velodyne_description/share/velodyne_description/meshes/VLP16_base_1.stl
[0.889s] -- Installing: /home/andrei/ros2_ws/install/velodyne_description/share/velodyne_description/meshes/HDL32E_base.stl
[0.889s] -- Installing: /home/andrei/ros2_ws/install/velodyne_description/share/velodyne_description/meshes/VLP16_base_2.dae
[0.889s] -- Installing: /home/andrei/ros2_ws/install/velodyne_description/share/velodyne_description/meshes/VLP16_base_2.stl
[0.889s] -- Installing: /home/andrei/ros2_ws/install/velodyne_description/share/velodyne_description/meshes/HDL32E_scan.stl
[0.890s] -- Installing: /home/andrei/ros2_ws/install/velodyne_description/share/velodyne_description/meshes/HDL32E_scan.dae
[0.890s] -- Installing: /home/andrei/ros2_ws/install/velodyne_description/share/velodyne_description/meshes/VLP16_scan.stl
[0.890s] -- Installing: /home/andrei/ros2_ws/install/velodyne_description/share/velodyne_description/rviz
[0.890s] -- Installing: /home/andrei/ros2_ws/install/velodyne_description/share/velodyne_description/rviz/example.rviz
[0.890s] -- Installing: /home/andrei/ros2_ws/install/velodyne_description/share/velodyne_description/urdf
[0.890s] -- Installing: /home/andrei/ros2_ws/install/velodyne_description/share/velodyne_description/urdf/example.urdf.xacro
[0.891s] -- Installing: /home/andrei/ros2_ws/install/velodyne_description/share/velodyne_description/urdf/VLP-32C.urdf.xacro
[0.891s] -- Installing: /home/andrei/ros2_ws/install/velodyne_description/share/velodyne_description/urdf/HDL-32E.urdf.xacro
[0.891s] -- Installing: /home/andrei/ros2_ws/install/velodyne_description/share/velodyne_description/urdf/VLP-16.urdf.xacro
[0.891s] -- Installing: /home/andrei/ros2_ws/install/velodyne_description/share/velodyne_description/world
[0.891s] -- Installing: /home/andrei/ros2_ws/install/velodyne_description/share/velodyne_description/world/example.world
[0.893s] Invoked command in '/home/andrei/ros2_ws/build/velodyne_description' returned '0': CMAKE_PREFIX_PATH=${CMAKE_PREFIX_PATH}:/home/andrei/ros2_ws/install/yolov5_ros:/home/andrei/ros2_ws/install/sjtu_drone_bringup:/home/andrei/ros2_ws/install/bounding_script_pkg:/opt/ros/humble /usr/bin/cmake --install /home/andrei/ros2_ws/build/velodyne_description
