[0.082s] Invoking command in '/home/andrei/ros2_ws/build/velodyne_simulator': CMAKE_PREFIX_PATH=/home/andrei/ros2_ws/install/velodyne_gazebo_plugins:/home/andrei/ros2_ws/install/velodyne_description:/home/andrei/ros2_ws/install/point_cloud_transformer:/home/andrei/ros2_ws/install/velodyne_simulator:/home/andrei/ros2_ws/install/sjtu_drone_description:/home/andrei/ros2_ws/install/yolov5_ros:/home/andrei/ros2_ws/install/sjtu_drone_bringup:/home/andrei/ros2_ws/install/bounding_script_pkg:/opt/ros/humble LD_LIBRARY_PATH=/home/andrei/ros2_ws/install/velodyne_gazebo_plugins/lib:/home/andrei/ros2_ws/install/sjtu_drone_description/lib:/usr/lib/x86_64-linux-gnu/gazebo-11/plugins:/opt/ros/humble/opt/rviz_ogre_vendor/lib:/opt/ros/humble/lib/x86_64-linux-gnu:/opt/ros/humble/lib:/usr/lib/nvidia-cuda-toolkit/lib64:/usr/lib/nvidia-cuda-toolkit/lib64 /usr/bin/cmake --build /home/andrei/ros2_ws/build/velodyne_simulator -- -j16 -l16
[0.105s] Invoked command in '/home/andrei/ros2_ws/build/velodyne_simulator' returned '0': CMAKE_PREFIX_PATH=/home/andrei/ros2_ws/install/velodyne_gazebo_plugins:/home/andrei/ros2_ws/install/velodyne_description:/home/andrei/ros2_ws/install/point_cloud_transformer:/home/andrei/ros2_ws/install/velodyne_simulator:/home/andrei/ros2_ws/install/sjtu_drone_description:/home/andrei/ros2_ws/install/yolov5_ros:/home/andrei/ros2_ws/install/sjtu_drone_bringup:/home/andrei/ros2_ws/install/bounding_script_pkg:/opt/ros/humble LD_LIBRARY_PATH=/home/andrei/ros2_ws/install/velodyne_gazebo_plugins/lib:/home/andrei/ros2_ws/install/sjtu_drone_description/lib:/usr/lib/x86_64-linux-gnu/gazebo-11/plugins:/opt/ros/humble/opt/rviz_ogre_vendor/lib:/opt/ros/humble/lib/x86_64-linux-gnu:/opt/ros/humble/lib:/usr/lib/nvidia-cuda-toolkit/lib64:/usr/lib/nvidia-cuda-toolkit/lib64 /usr/bin/cmake --build /home/andrei/ros2_ws/build/velodyne_simulator -- -j16 -l16
[0.119s] Invoking command in '/home/andrei/ros2_ws/build/velodyne_simulator': CMAKE_PREFIX_PATH=/home/andrei/ros2_ws/install/velodyne_gazebo_plugins:/home/andrei/ros2_ws/install/velodyne_description:/home/andrei/ros2_ws/install/point_cloud_transformer:/home/andrei/ros2_ws/install/velodyne_simulator:/home/andrei/ros2_ws/install/sjtu_drone_description:/home/andrei/ros2_ws/install/yolov5_ros:/home/andrei/ros2_ws/install/sjtu_drone_bringup:/home/andrei/ros2_ws/install/bounding_script_pkg:/opt/ros/humble LD_LIBRARY_PATH=/home/andrei/ros2_ws/install/velodyne_gazebo_plugins/lib:/home/andrei/ros2_ws/install/sjtu_drone_description/lib:/usr/lib/x86_64-linux-gnu/gazebo-11/plugins:/opt/ros/humble/opt/rviz_ogre_vendor/lib:/opt/ros/humble/lib/x86_64-linux-gnu:/opt/ros/humble/lib:/usr/lib/nvidia-cuda-toolkit/lib64:/usr/lib/nvidia-cuda-toolkit/lib64 /usr/bin/cmake --install /home/andrei/ros2_ws/build/velodyne_simulator
[0.123s] -- Install configuration: ""
[0.123s] -- Up-to-date: /home/andrei/ros2_ws/install/velodyne_simulator/share/ament_index/resource_index/package_run_dependencies/velodyne_simulator
[0.124s] -- Up-to-date: /home/andrei/ros2_ws/install/velodyne_simulator/share/ament_index/resource_index/parent_prefix_path/velodyne_simulator
[0.124s] -- Up-to-date: /home/andrei/ros2_ws/install/velodyne_simulator/share/velodyne_simulator/environment/ament_prefix_path.sh
[0.124s] -- Up-to-date: /home/andrei/ros2_ws/install/velodyne_simulator/share/velodyne_simulator/environment/ament_prefix_path.dsv
[0.124s] -- Up-to-date: /home/andrei/ros2_ws/install/velodyne_simulator/share/velodyne_simulator/environment/path.sh
[0.124s] -- Up-to-date: /home/andrei/ros2_ws/install/velodyne_simulator/share/velodyne_simulator/environment/path.dsv
[0.124s] -- Up-to-date: /home/andrei/ros2_ws/install/velodyne_simulator/share/velodyne_simulator/local_setup.bash
[0.124s] -- Up-to-date: /home/andrei/ros2_ws/install/velodyne_simulator/share/velodyne_simulator/local_setup.sh
[0.124s] -- Up-to-date: /home/andrei/ros2_ws/install/velodyne_simulator/share/velodyne_simulator/local_setup.zsh
[0.125s] -- Up-to-date: /home/andrei/ros2_ws/install/velodyne_simulator/share/velodyne_simulator/local_setup.dsv
[0.125s] -- Installing: /home/andrei/ros2_ws/install/velodyne_simulator/share/velodyne_simulator/package.dsv
[0.125s] -- Up-to-date: /home/andrei/ros2_ws/install/velodyne_simulator/share/ament_index/resource_index/packages/velodyne_simulator
[0.126s] -- Up-to-date: /home/andrei/ros2_ws/install/velodyne_simulator/share/velodyne_simulator/cmake/velodyne_simulatorConfig.cmake
[0.126s] -- Up-to-date: /home/andrei/ros2_ws/install/velodyne_simulator/share/velodyne_simulator/cmake/velodyne_simulatorConfig-version.cmake
[0.126s] -- Up-to-date: /home/andrei/ros2_ws/install/velodyne_simulator/share/velodyne_simulator/package.xml
[0.126s] Invoked command in '/home/andrei/ros2_ws/build/velodyne_simulator' returned '0': CMAKE_PREFIX_PATH=/home/andrei/ros2_ws/install/velodyne_gazebo_plugins:/home/andrei/ros2_ws/install/velodyne_description:/home/andrei/ros2_ws/install/point_cloud_transformer:/home/andrei/ros2_ws/install/velodyne_simulator:/home/andrei/ros2_ws/install/sjtu_drone_description:/home/andrei/ros2_ws/install/yolov5_ros:/home/andrei/ros2_ws/install/sjtu_drone_bringup:/home/andrei/ros2_ws/install/bounding_script_pkg:/opt/ros/humble LD_LIBRARY_PATH=/home/andrei/ros2_ws/install/velodyne_gazebo_plugins/lib:/home/andrei/ros2_ws/install/sjtu_drone_description/lib:/usr/lib/x86_64-linux-gnu/gazebo-11/plugins:/opt/ros/humble/opt/rviz_ogre_vendor/lib:/opt/ros/humble/lib/x86_64-linux-gnu:/opt/ros/humble/lib:/usr/lib/nvidia-cuda-toolkit/lib64:/usr/lib/nvidia-cuda-toolkit/lib64 /usr/bin/cmake --install /home/andrei/ros2_ws/build/velodyne_simulator
