/home/andrei/ros2_ws/install/bounding_script_pkg/lib/python3.10/site-packages/bounding_script_pkg/image_subscriber.py
/home/andrei/ros2_ws/install/bounding_script_pkg/lib/python3.10/site-packages/bounding_script_pkg/parse_dae.py
/home/andrei/ros2_ws/install/bounding_script_pkg/lib/python3.10/site-packages/bounding_script_pkg/blabber.py
/home/andrei/ros2_ws/install/bounding_script_pkg/lib/python3.10/site-packages/bounding_script_pkg/extractPLAYGROUND.py
/home/andrei/ros2_ws/install/bounding_script_pkg/lib/python3.10/site-packages/bounding_script_pkg/image_subscriber-without-const-cone.py
/home/andrei/ros2_ws/install/bounding_script_pkg/lib/python3.10/site-packages/bounding_script_pkg/__init__.py
/home/andrei/ros2_ws/install/bounding_script_pkg/lib/python3.10/site-packages/bounding_script_pkg/__pycache__/image_subscriber.cpython-310.pyc
/home/andrei/ros2_ws/install/bounding_script_pkg/lib/python3.10/site-packages/bounding_script_pkg/__pycache__/parse_dae.cpython-310.pyc
/home/andrei/ros2_ws/install/bounding_script_pkg/lib/python3.10/site-packages/bounding_script_pkg/__pycache__/blabber.cpython-310.pyc
/home/andrei/ros2_ws/install/bounding_script_pkg/lib/python3.10/site-packages/bounding_script_pkg/__pycache__/extractPLAYGROUND.cpython-310.pyc
/home/andrei/ros2_ws/install/bounding_script_pkg/lib/python3.10/site-packages/bounding_script_pkg/__pycache__/image_subscriber-without-const-cone.cpython-310.pyc
/home/andrei/ros2_ws/install/bounding_script_pkg/lib/python3.10/site-packages/bounding_script_pkg/__pycache__/__init__.cpython-310.pyc
/home/andrei/ros2_ws/install/bounding_script_pkg/share/ament_index/resource_index/packages/bounding_script_pkg
/home/andrei/ros2_ws/install/bounding_script_pkg/share/bounding_script_pkg/package.xml
/home/andrei/ros2_ws/install/bounding_script_pkg/share/bounding_script_pkg
/home/andrei/ros2_ws/install/bounding_script_pkg/lib/python3.10/site-packages/bounding_script_pkg-0.0.0-py3.10.egg-info/zip-safe
/home/andrei/ros2_ws/install/bounding_script_pkg/lib/python3.10/site-packages/bounding_script_pkg-0.0.0-py3.10.egg-info/requires.txt
/home/andrei/ros2_ws/install/bounding_script_pkg/lib/python3.10/site-packages/bounding_script_pkg-0.0.0-py3.10.egg-info/dependency_links.txt
/home/andrei/ros2_ws/install/bounding_script_pkg/lib/python3.10/site-packages/bounding_script_pkg-0.0.0-py3.10.egg-info/SOURCES.txt
/home/andrei/ros2_ws/install/bounding_script_pkg/lib/python3.10/site-packages/bounding_script_pkg-0.0.0-py3.10.egg-info/PKG-INFO
/home/andrei/ros2_ws/install/bounding_script_pkg/lib/python3.10/site-packages/bounding_script_pkg-0.0.0-py3.10.egg-info/entry_points.txt
/home/andrei/ros2_ws/install/bounding_script_pkg/lib/python3.10/site-packages/bounding_script_pkg-0.0.0-py3.10.egg-info/top_level.txt
/home/andrei/ros2_ws/install/bounding_script_pkg/lib/bounding_script_pkg/image_subscriber
