running egg_info
writing ../../build/bounding_script_pkg/bounding_script_pkg.egg-info/PKG-INFO
writing dependency_links to ../../build/bounding_script_pkg/bounding_script_pkg.egg-info/dependency_links.txt
writing entry points to ../../build/bounding_script_pkg/bounding_script_pkg.egg-info/entry_points.txt
writing requirements to ../../build/bounding_script_pkg/bounding_script_pkg.egg-info/requires.txt
writing top-level names to ../../build/bounding_script_pkg/bounding_script_pkg.egg-info/top_level.txt
reading manifest file '../../build/bounding_script_pkg/bounding_script_pkg.egg-info/SOURCES.txt'
writing manifest file '../../build/bounding_script_pkg/bounding_script_pkg.egg-info/SOURCES.txt'
running build
running build_py
copying bounding_script_pkg/image_subscriber.py -> /home/andrei/ros2_ws/build/bounding_script_pkg/build/lib/bounding_script_pkg
copying bounding_script_pkg/parse_dae.py -> /home/andrei/ros2_ws/build/bounding_script_pkg/build/lib/bounding_script_pkg
copying bounding_script_pkg/blabber.py -> /home/andrei/ros2_ws/build/bounding_script_pkg/build/lib/bounding_script_pkg
copying bounding_script_pkg/extractPLAYGROUND.py -> /home/andrei/ros2_ws/build/bounding_script_pkg/build/lib/bounding_script_pkg
copying bounding_script_pkg/image_subscriber-without-const-cone.py -> /home/andrei/ros2_ws/build/bounding_script_pkg/build/lib/bounding_script_pkg
copying bounding_script_pkg/__init__.py -> /home/andrei/ros2_ws/build/bounding_script_pkg/build/lib/bounding_script_pkg
/home/andrei/.local/lib/python3.10/site-packages/setuptools/_distutils/cmd.py:66: SetuptoolsDeprecationWarning: setup.py install is deprecated.
!!

        ********************************************************************************
        Please avoid running ``setup.py`` directly.
        Instead, use pypa/build, pypa/installer or other
        standards-based tools.

        See https://blog.ganssle.io/articles/2021/10/setup-py-deprecated.html for details.
        ********************************************************************************

!!
  self.initialize_options()
running install
running install_lib
byte-compiling /home/andrei/ros2_ws/install/bounding_script_pkg/lib/python3.10/site-packages/bounding_script_pkg/blabber.py to blabber.cpython-310.pyc
  File "/home/andrei/ros2_ws/install/bounding_script_pkg/lib/python3.10/site-packages/bounding_script_pkg/blabber.py", line 637
    ----------------------------------------------------------------------------------------------------------------------------------------------------------------
                                                                                                                                                                    ^
SyntaxError: invalid syntax

running install_data
copying resource/bounding_script_pkg -> /home/andrei/ros2_ws/install/bounding_script_pkg/share/ament_index/resource_index/packages
copying package.xml -> /home/andrei/ros2_ws/install/bounding_script_pkg/share/bounding_script_pkg
running install_egg_info
removing '/home/andrei/ros2_ws/install/bounding_script_pkg/lib/python3.10/site-packages/bounding_script_pkg-0.0.0-py3.10.egg-info' (and everything under it)
Copying ../../build/bounding_script_pkg/bounding_script_pkg.egg-info to /home/andrei/ros2_ws/install/bounding_script_pkg/lib/python3.10/site-packages/bounding_script_pkg-0.0.0-py3.10.egg-info
running install_scripts
Installing image_subscriber script to /home/andrei/ros2_ws/install/bounding_script_pkg/lib/bounding_script_pkg
writing list of installed files to '/home/andrei/ros2_ws/build/bounding_script_pkg/install.log'
