-- Found ament_cmake: 1.3.9 (/opt/ros/humble/share/ament_cmake/cmake)
-- Found rclcpp: 16.0.8 (/opt/ros/humble/share/rclcpp/cmake)
-- Found rosidl_generator_c: 3.1.5 (/opt/ros/humble/share/rosidl_generator_c/cmake)
-- Found rosidl_adapter: 3.1.5 (/opt/ros/humble/share/rosidl_adapter/cmake)
-- Found rosidl_generator_cpp: 3.1.5 (/opt/ros/humble/share/rosidl_generator_cpp/cmake)
-- Using all available rosidl_typesupport_c: rosidl_typesupport_fastrtps_c;rosidl_typesupport_introspection_c
-- Using all available rosidl_typesupport_cpp: rosidl_typesupport_fastrtps_cpp;rosidl_typesupport_introspection_cpp
-- Found rmw_implementation_cmake: 6.1.1 (/opt/ros/humble/share/rmw_implementation_cmake/cmake)
-- Found rmw_fastrtps_cpp: 6.2.6 (/opt/ros/humble/share/rmw_fastrtps_cpp/cmake)
-- Using RMW implementation 'rmw_fastrtps_cpp' as default
-- Found sensor_msgs: 4.2.3 (/opt/ros/humble/share/sensor_msgs/cmake)
-- Found tf2: 0.25.6 (/opt/ros/humble/share/tf2/cmake)
-- Found tf2_ros: 0.25.6 (/opt/ros/humble/share/tf2_ros/cmake)
-- Found tf2_sensor_msgs: 0.25.6 (/opt/ros/humble/share/tf2_sensor_msgs/cmake)
-- Configuring done
-- Generating done
-- Build files have been written to: /home/andrei/ros2_ws/build/point_cloud_transformer
[35m[1mConsolidate compiler generated dependencies of target point_cloud_transformer_node[0m
[ 50%] [32mBuilding CXX object CMakeFiles/point_cloud_transformer_node.dir/src/point_cloud_transformer_node.cpp.o[0m
[100%] [32m[1mLinking CXX executable point_cloud_transformer_node[0m
[100%] Built target point_cloud_transformer_node
-- Install configuration: ""
-- Installing: /home/andrei/ros2_ws/install/point_cloud_transformer/lib/point_cloud_transformer/point_cloud_transformer_node
-- Set runtime path of "/home/andrei/ros2_ws/install/point_cloud_transformer/lib/point_cloud_transformer/point_cloud_transformer_node" to ""
-- Up-to-date: /home/andrei/ros2_ws/install/point_cloud_transformer/share/ament_index/resource_index/package_run_dependencies/point_cloud_transformer
-- Installing: /home/andrei/ros2_ws/install/point_cloud_transformer/share/ament_index/resource_index/parent_prefix_path/point_cloud_transformer
-- Up-to-date: /home/andrei/ros2_ws/install/point_cloud_transformer/share/point_cloud_transformer/environment/ament_prefix_path.sh
-- Installing: /home/andrei/ros2_ws/install/point_cloud_transformer/share/point_cloud_transformer/environment/ament_prefix_path.dsv
-- Up-to-date: /home/andrei/ros2_ws/install/point_cloud_transformer/share/point_cloud_transformer/environment/path.sh
-- Installing: /home/andrei/ros2_ws/install/point_cloud_transformer/share/point_cloud_transformer/environment/path.dsv
-- Up-to-date: /home/andrei/ros2_ws/install/point_cloud_transformer/share/point_cloud_transformer/local_setup.bash
-- Up-to-date: /home/andrei/ros2_ws/install/point_cloud_transformer/share/point_cloud_transformer/local_setup.sh
-- Up-to-date: /home/andrei/ros2_ws/install/point_cloud_transformer/share/point_cloud_transformer/local_setup.zsh
-- Installing: /home/andrei/ros2_ws/install/point_cloud_transformer/share/point_cloud_transformer/local_setup.dsv
-- Installing: /home/andrei/ros2_ws/install/point_cloud_transformer/share/point_cloud_transformer/package.dsv
-- Up-to-date: /home/andrei/ros2_ws/install/point_cloud_transformer/share/ament_index/resource_index/packages/point_cloud_transformer
-- Up-to-date: /home/andrei/ros2_ws/install/point_cloud_transformer/share/point_cloud_transformer/cmake/point_cloud_transformerConfig.cmake
-- Up-to-date: /home/andrei/ros2_ws/install/point_cloud_transformer/share/point_cloud_transformer/cmake/point_cloud_transformerConfig-version.cmake
-- Up-to-date: /home/andrei/ros2_ws/install/point_cloud_transformer/share/point_cloud_transformer/package.xml
