[0.311s] Invoking command in '/home/andrei/ros2_ws/build/point_cloud_transformer': CMAKE_PREFIX_PATH=${CMAKE_PREFIX_PATH}:/home/andrei/ros2_ws/install/yolov5_ros:/home/andrei/ros2_ws/install/sjtu_drone_bringup:/home/andrei/ros2_ws/install/bounding_script_pkg:/opt/ros/humble /usr/bin/cmake --build /home/andrei/ros2_ws/build/point_cloud_transformer -- -j16 -l16
[0.469s] -- Found ament_cmake: 1.3.9 (/opt/ros/humble/share/ament_cmake/cmake)
[0.470s] -- Found rclcpp: 16.0.8 (/opt/ros/humble/share/rclcpp/cmake)
[0.470s] -- Found rosidl_generator_c: 3.1.5 (/opt/ros/humble/share/rosidl_generator_c/cmake)
[0.470s] -- Found rosidl_adapter: 3.1.5 (/opt/ros/humble/share/rosidl_adapter/cmake)
[0.470s] -- Found rosidl_generator_cpp: 3.1.5 (/opt/ros/humble/share/rosidl_generator_cpp/cmake)
[0.470s] -- Using all available rosidl_typesupport_c: rosidl_typesupport_fastrtps_c;rosidl_typesupport_introspection_c
[0.470s] -- Using all available rosidl_typesupport_cpp: rosidl_typesupport_fastrtps_cpp;rosidl_typesupport_introspection_cpp
[0.475s] -- Found rmw_implementation_cmake: 6.1.1 (/opt/ros/humble/share/rmw_implementation_cmake/cmake)
[0.476s] -- Found rmw_fastrtps_cpp: 6.2.6 (/opt/ros/humble/share/rmw_fastrtps_cpp/cmake)
[0.553s] -- Using RMW implementation 'rmw_fastrtps_cpp' as default
[0.646s] -- Found sensor_msgs: 4.2.3 (/opt/ros/humble/share/sensor_msgs/cmake)
[0.720s] -- Found tf2: 0.25.6 (/opt/ros/humble/share/tf2/cmake)
[0.724s] -- Found tf2_ros: 0.25.6 (/opt/ros/humble/share/tf2_ros/cmake)
[0.917s] -- Found tf2_sensor_msgs: 0.25.6 (/opt/ros/humble/share/tf2_sensor_msgs/cmake)
[0.986s] -- Configuring done
[0.994s] -- Generating done
[0.994s] -- Build files have been written to: /home/andrei/ros2_ws/build/point_cloud_transformer
[1.012s] [35m[1mConsolidate compiler generated dependencies of target point_cloud_transformer_node[0m
[1.025s] [ 50%] [32mBuilding CXX object CMakeFiles/point_cloud_transformer_node.dir/src/point_cloud_transformer_node.cpp.o[0m
[6.563s] [100%] [32m[1mLinking CXX executable point_cloud_transformer_node[0m
[6.854s] [100%] Built target point_cloud_transformer_node
[6.862s] Invoked command in '/home/andrei/ros2_ws/build/point_cloud_transformer' returned '0': CMAKE_PREFIX_PATH=${CMAKE_PREFIX_PATH}:/home/andrei/ros2_ws/install/yolov5_ros:/home/andrei/ros2_ws/install/sjtu_drone_bringup:/home/andrei/ros2_ws/install/bounding_script_pkg:/opt/ros/humble /usr/bin/cmake --build /home/andrei/ros2_ws/build/point_cloud_transformer -- -j16 -l16
[6.875s] Invoking command in '/home/andrei/ros2_ws/build/point_cloud_transformer': CMAKE_PREFIX_PATH=${CMAKE_PREFIX_PATH}:/home/andrei/ros2_ws/install/yolov5_ros:/home/andrei/ros2_ws/install/sjtu_drone_bringup:/home/andrei/ros2_ws/install/bounding_script_pkg:/opt/ros/humble /usr/bin/cmake --install /home/andrei/ros2_ws/build/point_cloud_transformer
[6.881s] -- Install configuration: ""
[6.881s] -- Installing: /home/andrei/ros2_ws/install/point_cloud_transformer/lib/point_cloud_transformer/point_cloud_transformer_node
[6.883s] -- Set runtime path of "/home/andrei/ros2_ws/install/point_cloud_transformer/lib/point_cloud_transformer/point_cloud_transformer_node" to ""
[6.884s] -- Up-to-date: /home/andrei/ros2_ws/install/point_cloud_transformer/share/ament_index/resource_index/package_run_dependencies/point_cloud_transformer
[6.884s] -- Installing: /home/andrei/ros2_ws/install/point_cloud_transformer/share/ament_index/resource_index/parent_prefix_path/point_cloud_transformer
[6.884s] -- Up-to-date: /home/andrei/ros2_ws/install/point_cloud_transformer/share/point_cloud_transformer/environment/ament_prefix_path.sh
[6.884s] -- Installing: /home/andrei/ros2_ws/install/point_cloud_transformer/share/point_cloud_transformer/environment/ament_prefix_path.dsv
[6.884s] -- Up-to-date: /home/andrei/ros2_ws/install/point_cloud_transformer/share/point_cloud_transformer/environment/path.sh
[6.884s] -- Installing: /home/andrei/ros2_ws/install/point_cloud_transformer/share/point_cloud_transformer/environment/path.dsv
[6.884s] -- Up-to-date: /home/andrei/ros2_ws/install/point_cloud_transformer/share/point_cloud_transformer/local_setup.bash
[6.884s] -- Up-to-date: /home/andrei/ros2_ws/install/point_cloud_transformer/share/point_cloud_transformer/local_setup.sh
[6.884s] -- Up-to-date: /home/andrei/ros2_ws/install/point_cloud_transformer/share/point_cloud_transformer/local_setup.zsh
[6.884s] -- Installing: /home/andrei/ros2_ws/install/point_cloud_transformer/share/point_cloud_transformer/local_setup.dsv
[6.884s] -- Installing: /home/andrei/ros2_ws/install/point_cloud_transformer/share/point_cloud_transformer/package.dsv
[6.885s] -- Up-to-date: /home/andrei/ros2_ws/install/point_cloud_transformer/share/ament_index/resource_index/packages/point_cloud_transformer
[6.885s] -- Up-to-date: /home/andrei/ros2_ws/install/point_cloud_transformer/share/point_cloud_transformer/cmake/point_cloud_transformerConfig.cmake
[6.885s] -- Up-to-date: /home/andrei/ros2_ws/install/point_cloud_transformer/share/point_cloud_transformer/cmake/point_cloud_transformerConfig-version.cmake
[6.885s] -- Up-to-date: /home/andrei/ros2_ws/install/point_cloud_transformer/share/point_cloud_transformer/package.xml
[6.886s] Invoked command in '/home/andrei/ros2_ws/build/point_cloud_transformer' returned '0': CMAKE_PREFIX_PATH=${CMAKE_PREFIX_PATH}:/home/andrei/ros2_ws/install/yolov5_ros:/home/andrei/ros2_ws/install/sjtu_drone_bringup:/home/andrei/ros2_ws/install/bounding_script_pkg:/opt/ros/humble /usr/bin/cmake --install /home/andrei/ros2_ws/build/point_cloud_transformer
