[1.043s] Invoking command in '/home/andrei/ros2_ws/sjtu_drone/sjtu_drone_bringup': PYTHONPATH=/home/andrei/ros2_ws/build/sjtu_drone_bringup/prefix_override:/home/andrei/ros2_ws/install/sjtu_drone_bringup/lib/python3.10/site-packages:${PYTHONPATH} /usr/bin/python3 setup.py egg_info --egg-base ../../build/sjtu_drone_bringup build --build-base /home/andrei/ros2_ws/build/sjtu_drone_bringup/build install --record /home/andrei/ros2_ws/build/sjtu_drone_bringup/install.log --single-version-externally-managed
[1.176s] running egg_info
[1.183s] writing ../../build/sjtu_drone_bringup/sjtu_drone_bringup.egg-info/PKG-INFO
[1.183s] writing dependency_links to ../../build/sjtu_drone_bringup/sjtu_drone_bringup.egg-info/dependency_links.txt
[1.183s] writing entry points to ../../build/sjtu_drone_bringup/sjtu_drone_bringup.egg-info/entry_points.txt
[1.183s] writing requirements to ../../build/sjtu_drone_bringup/sjtu_drone_bringup.egg-info/requires.txt
[1.183s] writing top-level names to ../../build/sjtu_drone_bringup/sjtu_drone_bringup.egg-info/top_level.txt
[1.200s] reading manifest file '../../build/sjtu_drone_bringup/sjtu_drone_bringup.egg-info/SOURCES.txt'
[1.200s] writing manifest file '../../build/sjtu_drone_bringup/sjtu_drone_bringup.egg-info/SOURCES.txt'
[1.201s] running build
[1.201s] running build_py
[1.201s] copying sjtu_drone_bringup/spawn_drone.py -> /home/andrei/ros2_ws/build/sjtu_drone_bringup/build/lib/sjtu_drone_bringup
[1.201s] copying sjtu_drone_bringup/__init__.py -> /home/andrei/ros2_ws/build/sjtu_drone_bringup/build/lib/sjtu_drone_bringup
[1.201s] running install
[1.201s] /home/andrei/.local/lib/python3.10/site-packages/setuptools/_distutils/cmd.py:66: SetuptoolsDeprecationWarning: setup.py install is deprecated.
[1.201s] !!
[1.201s] 
[1.201s]         ********************************************************************************
[1.201s]         Please avoid running ``setup.py`` directly.
[1.201s]         Instead, use pypa/build, pypa/installer or other
[1.201s]         standards-based tools.
[1.201s] 
[1.201s]         See https://blog.ganssle.io/articles/2021/10/setup-py-deprecated.html for details.
[1.201s]         ********************************************************************************
[1.202s] 
[1.202s] !!
[1.202s]   self.initialize_options()
[1.204s] running install_lib
[1.212s] running install_data
[1.220s] copying resource/sjtu_drone_bringup -> /home/andrei/ros2_ws/install/sjtu_drone_bringup/share/ament_index/resource_index/packages
[1.220s] copying package.xml -> /home/andrei/ros2_ws/install/sjtu_drone_bringup/share/sjtu_drone_bringup
[1.220s] copying launch/sjtu_drone_bringup.launch.py -> /home/andrei/ros2_ws/install/sjtu_drone_bringup/share/sjtu_drone_bringup/launch
[1.220s] copying launch/sjtu_drone_gazebo.launch.py -> /home/andrei/ros2_ws/install/sjtu_drone_bringup/share/sjtu_drone_bringup/launch
[1.220s] copying rviz/rviz.rviz -> /home/andrei/ros2_ws/install/sjtu_drone_bringup/share/sjtu_drone_bringup/rviz
[1.220s] running install_egg_info
[1.229s] removing '/home/andrei/ros2_ws/install/sjtu_drone_bringup/lib/python3.10/site-packages/sjtu_drone_bringup-0.0.0-py3.10.egg-info' (and everything under it)
[1.229s] Copying ../../build/sjtu_drone_bringup/sjtu_drone_bringup.egg-info to /home/andrei/ros2_ws/install/sjtu_drone_bringup/lib/python3.10/site-packages/sjtu_drone_bringup-0.0.0-py3.10.egg-info
[1.230s] running install_scripts
[1.302s] Installing spawn_drone script to /home/andrei/ros2_ws/install/sjtu_drone_bringup/lib/sjtu_drone_bringup
[1.302s] writing list of installed files to '/home/andrei/ros2_ws/build/sjtu_drone_bringup/install.log'
[1.320s] Invoked command in '/home/andrei/ros2_ws/sjtu_drone/sjtu_drone_bringup' returned '0': PYTHONPATH=/home/andrei/ros2_ws/build/sjtu_drone_bringup/prefix_override:/home/andrei/ros2_ws/install/sjtu_drone_bringup/lib/python3.10/site-packages:${PYTHONPATH} /usr/bin/python3 setup.py egg_info --egg-base ../../build/sjtu_drone_bringup build --build-base /home/andrei/ros2_ws/build/sjtu_drone_bringup/build install --record /home/andrei/ros2_ws/build/sjtu_drone_bringup/install.log --single-version-externally-managed
