[0.232s] Invoking command in '/home/andrei/ros2_ws/build/velodyne_gazebo_plugins': CMAKE_PREFIX_PATH=${CMAKE_PREFIX_PATH}:/home/andrei/ros2_ws/install/yolov5_ros:/home/andrei/ros2_ws/install/sjtu_drone_bringup:/home/andrei/ros2_ws/install/bounding_script_pkg:/opt/ros/humble /usr/bin/cmake /home/andrei/ros2_ws/src/velodyne_simulator/velodyne_gazebo_plugins -DCMAKE_INSTALL_PREFIX=/home/andrei/ros2_ws/install/velodyne_gazebo_plugins
[0.566s] -- The C compiler identification is GNU 9.5.0
[0.566s] -- The CXX compiler identification is GNU 9.5.0
[0.567s] -- Detecting C compiler ABI info
[0.567s] -- Detecting C compiler ABI info - done
[0.567s] -- Check for working C compiler: /usr/bin/cc - skipped
[0.567s] -- Detecting C compile features
[0.567s] -- Detecting C compile features - done
[0.567s] -- Detecting CXX compiler ABI info
[0.567s] -- Detecting CXX compiler ABI info - done
[0.567s] -- Check for working CXX compiler: /usr/bin/c++ - skipped
[0.567s] -- Detecting CXX compile features
[0.567s] -- Detecting CXX compile features - done
[0.567s] -- Found ament_cmake: 1.3.9 (/opt/ros/humble/share/ament_cmake/cmake)
[0.638s] -- Found Python3: /usr/bin/python3 (found version "3.10.12") found components: Interpreter 
[0.716s] -- Found gazebo_dev: 3.7.0 (/opt/ros/humble/share/gazebo_dev/cmake)
[0.722s] -- Found PkgConfig: /usr/bin/pkg-config (found version "0.29.2") 
[0.726s] -- Checking for module 'bullet>=2.82'
[0.736s] --   Found bullet, version 3.05
[0.804s] -- Found fcl: /usr/include (found suitable version "0.7.0", minimum required is "0.5.0") 
[0.834s] -- Found assimp: /usr/include (found version "5.2.0") 
[0.846s] -- Found DART: /usr/include (Required is at least version "6.6") found components: dart 
[0.974s] -- Found Boost: /usr/lib/x86_64-linux-gnu/cmake/Boost-1.74.0/BoostConfig.cmake (found suitable version "1.74.0", minimum required is "1.40.0") found components: thread system filesystem program_options regex iostreams date_time 
[0.991s] -- Found Protobuf: /usr/lib/x86_64-linux-gnu/libprotobuf.so (found version "3.12.4") 
[0.995s] -- Looking for ignition-math6 -- found version 6.15.1
[1.001s] -- Searching for dependencies of ignition-math6
[1.002s] -- Looking for OGRE...
[1.003s] -- OGRE_PREFIX_WATCH changed.
[1.007s] -- Checking for module 'OGRE'
[1.019s] --   Found OGRE, version 1.9.0
[1.041s] -- Found Ogre Ghadamon (1.9.0)
[1.051s] -- Found OGRE: optimized;/usr/lib/x86_64-linux-gnu/libOgreMain.so;debug;/usr/lib/x86_64-linux-gnu/libOgreMain.so
[1.060s] -- Looking for OGRE_Paging...
[1.065s] -- Found OGRE_Paging: optimized;/usr/lib/x86_64-linux-gnu/libOgrePaging.so;debug;/usr/lib/x86_64-linux-gnu/libOgrePaging.so
[1.066s] -- Looking for OGRE_Terrain...
[1.071s] -- Found OGRE_Terrain: optimized;/usr/lib/x86_64-linux-gnu/libOgreTerrain.so;debug;/usr/lib/x86_64-linux-gnu/libOgreTerrain.so
[1.071s] -- Looking for OGRE_Property...
[1.076s] -- Found OGRE_Property: optimized;/usr/lib/x86_64-linux-gnu/libOgreProperty.so;debug;/usr/lib/x86_64-linux-gnu/libOgreProperty.so
[1.076s] -- Looking for OGRE_RTShaderSystem...
[1.082s] -- Found OGRE_RTShaderSystem: optimized;/usr/lib/x86_64-linux-gnu/libOgreRTShaderSystem.so;debug;/usr/lib/x86_64-linux-gnu/libOgreRTShaderSystem.so
[1.082s] -- Looking for OGRE_Volume...
[1.089s] -- Found OGRE_Volume: optimized;/usr/lib/x86_64-linux-gnu/libOgreVolume.so;debug;/usr/lib/x86_64-linux-gnu/libOgreVolume.so
[1.090s] -- Looking for OGRE_Overlay...
[1.093s] -- Found OGRE_Overlay: optimized;/usr/lib/x86_64-linux-gnu/libOgreOverlay.so;debug;/usr/lib/x86_64-linux-gnu/libOgreOverlay.so
[1.205s] -- Looking for ignition-math6 -- found version 6.15.1
[1.208s] -- Looking for ignition-transport8 -- found version 8.2.1
[1.208s] -- Searching for dependencies of ignition-transport8
[1.225s] -- Found Protobuf: /usr/lib/x86_64-linux-gnu/libprotobuf.so (found suitable version "3.12.4", minimum required is "3") 
[1.237s] -- Config-file not installed for ZeroMQ -- checking for pkg-config
[1.242s] -- Checking for module 'libzmq >= 4'
[1.254s] --   Found libzmq , version 4.3.4
[1.285s] -- Found ZeroMQ: TRUE (Required is at least version "4") 
[1.290s] -- Checking for module 'uuid'
[1.301s] --   Found uuid, version 2.37.2
[1.329s] -- Found UUID: TRUE  
[1.331s] -- Looking for ignition-msgs5 -- found version 5.8.1
[1.331s] -- Searching for dependencies of ignition-msgs5
[1.350s] -- Looking for ignition-math6 -- found version 6.15.1
[1.355s] -- Checking for module 'tinyxml2'
[1.368s] --   Found tinyxml2, version 9.0.0
[1.392s] -- Looking for ignition-msgs5 -- found version 5.8.1
[1.393s] -- Looking for ignition-common3 -- found version 3.14.0
[1.393s] -- Searching for dependencies of ignition-common3
[1.393s] -- Looking for dlfcn.h - found
[1.395s] -- Looking for libdl - found
[1.396s] -- Found DL: TRUE  
[1.406s] -- Found tinyobjloader: /usr/lib/x86_64-linux-gnu/cmake/tinyobjloader/tinyobjloader-config.cmake (found version "2.0.0") 
[1.407s] -- Searching for <ignition-common3> component [graphics]
[1.408s] -- Looking for ignition-common3-graphics -- found version 3.14.0
[1.409s] -- Searching for dependencies of ignition-common3-graphics
[1.409s] -- Looking for ignition-math6 -- found version 6.15.1
[1.411s] -- Looking for ignition-fuel_tools4 -- found version 4.4.0
[1.411s] -- Searching for dependencies of ignition-fuel_tools4
[1.460s] -- Found CURL: /usr/lib/x86_64-linux-gnu/libcurl.so (found version "7.81.0")  
[1.466s] -- Checking for module 'jsoncpp'
[1.473s] --   Found jsoncpp, version 1.9.5
[1.491s] -- Found JSONCPP: TRUE  
[1.494s] -- Checking for module 'libzip'
[1.501s] --   Found libzip, version 1.7.3
[1.519s] -- Found ZIP: TRUE  
[1.519s] -- Looking for ignition-common3 -- found version 3.14.0
[1.520s] -- Looking for ignition-math6 -- found version 6.15.1
[1.520s] -- Looking for ignition-msgs5 -- found version 5.8.1
[1.522s] -- Gazebo version: 11.10
[1.522s] -- Checking for module 'tbb'
[1.530s] --   Found tbb, version 2021.5.0
[1.548s] -- Found gazebo_ros: 3.7.0 (/opt/ros/humble/share/gazebo_ros/cmake)
[1.571s] -- Found rosidl_generator_c: 3.1.5 (/opt/ros/humble/share/rosidl_generator_c/cmake)
[1.573s] -- Found rosidl_adapter: 3.1.5 (/opt/ros/humble/share/rosidl_adapter/cmake)
[1.578s] -- Found rosidl_generator_cpp: 3.1.5 (/opt/ros/humble/share/rosidl_generator_cpp/cmake)
[1.586s] -- Using all available rosidl_typesupport_c: rosidl_typesupport_fastrtps_c;rosidl_typesupport_introspection_c
[1.600s] -- Using all available rosidl_typesupport_cpp: rosidl_typesupport_fastrtps_cpp;rosidl_typesupport_introspection_cpp
[1.641s] -- Found rmw_implementation_cmake: 6.1.1 (/opt/ros/humble/share/rmw_implementation_cmake/cmake)
[1.643s] -- Found rmw_fastrtps_cpp: 6.2.6 (/opt/ros/humble/share/rmw_fastrtps_cpp/cmake)
[1.706s] -- Found OpenSSL: /usr/lib/x86_64-linux-gnu/libcrypto.so (found version "3.0.2")  
[1.724s] -- Found FastRTPS: /opt/ros/humble/include  
[1.755s] -- Using RMW implementation 'rmw_fastrtps_cpp' as default
[1.761s] -- Found Threads: TRUE  
[1.864s] -- Found gazebo_msgs: 3.7.0 (/opt/ros/humble/share/gazebo_msgs/cmake)
[2.027s] -- Found sensor_msgs: 4.2.3 (/opt/ros/humble/share/sensor_msgs/cmake)
[2.078s] -- Found tf2: 0.25.6 (/opt/ros/humble/share/tf2/cmake)
[2.145s] -- Configuring done
[2.157s] -- Generating done
[2.159s] -- Build files have been written to: /home/andrei/ros2_ws/build/velodyne_gazebo_plugins
[2.167s] Invoked command in '/home/andrei/ros2_ws/build/velodyne_gazebo_plugins' returned '0': CMAKE_PREFIX_PATH=${CMAKE_PREFIX_PATH}:/home/andrei/ros2_ws/install/yolov5_ros:/home/andrei/ros2_ws/install/sjtu_drone_bringup:/home/andrei/ros2_ws/install/bounding_script_pkg:/opt/ros/humble /usr/bin/cmake /home/andrei/ros2_ws/src/velodyne_simulator/velodyne_gazebo_plugins -DCMAKE_INSTALL_PREFIX=/home/andrei/ros2_ws/install/velodyne_gazebo_plugins
[2.169s] Invoking command in '/home/andrei/ros2_ws/build/velodyne_gazebo_plugins': CMAKE_PREFIX_PATH=${CMAKE_PREFIX_PATH}:/home/andrei/ros2_ws/install/yolov5_ros:/home/andrei/ros2_ws/install/sjtu_drone_bringup:/home/andrei/ros2_ws/install/bounding_script_pkg:/opt/ros/humble /usr/bin/cmake --build /home/andrei/ros2_ws/build/velodyne_gazebo_plugins -- -j16 -l16
[2.200s] [ 50%] [32mBuilding CXX object CMakeFiles/gazebo_ros_velodyne_laser.dir/src/GazeboRosVelodyneLaser.cpp.o[0m
[7.480s] In file included from [01m[K/opt/ros/humble/include/rclcpp/rclcpp/logging.hpp:24[m[K,
[7.480s]                  from [01m[K/opt/ros/humble/include/rclcpp/rclcpp/client.hpp:40[m[K,
[7.480s]                  from [01m[K/opt/ros/humble/include/rclcpp/rclcpp/callback_group.hpp:24[m[K,
[7.480s]                  from [01m[K/opt/ros/humble/include/rclcpp/rclcpp/any_executable.hpp:20[m[K,
[7.480s]                  from [01m[K/opt/ros/humble/include/rclcpp/rclcpp/memory_strategy.hpp:25[m[K,
[7.480s]                  from [01m[K/opt/ros/humble/include/rclcpp/rclcpp/memory_strategies.hpp:18[m[K,
[7.480s]                  from [01m[K/opt/ros/humble/include/rclcpp/rclcpp/executor_options.hpp:20[m[K,
[7.480s]                  from [01m[K/opt/ros/humble/include/rclcpp/rclcpp/executor.hpp:37[m[K,
[7.480s]                  from [01m[K/opt/ros/humble/include/rclcpp/rclcpp/executors/multi_threaded_executor.hpp:25[m[K,
[7.481s]                  from [01m[K/opt/ros/humble/include/rclcpp/rclcpp/executors.hpp:21[m[K,
[7.481s]                  from [01m[K/opt/ros/humble/include/rclcpp/rclcpp/rclcpp.hpp:155[m[K,
[7.481s]                  from [01m[K/opt/ros/humble/include/gazebo_ros/node.hpp:18[m[K,
[7.481s]                  from [01m[K/home/andrei/ros2_ws/src/velodyne_simulator/velodyne_gazebo_plugins/include/velodyne_gazebo_plugins/GazeboRosVelodyneLaser.h:53[m[K,
[7.481s]                  from [01m[K/home/andrei/ros2_ws/src/velodyne_simulator/velodyne_gazebo_plugins/src/GazeboRosVelodyneLaser.cpp:35[m[K:
[7.481s] [01m[K/home/andrei/ros2_ws/src/velodyne_simulator/velodyne_gazebo_plugins/src/GazeboRosVelodyneLaser.cpp:[m[K In member function ‘[01m[Kvirtual void gazebo::GazeboRosVelodyneLaser::Load(gazebo::sensors::SensorPtr, sdf::v9::ElementPtr)[m[K’:
[7.481s] [01m[K/home/andrei/ros2_ws/src/velodyne_simulator/velodyne_gazebo_plugins/src/GazeboRosVelodyneLaser.cpp:295:40:[m[K [01;35m[Kwarning: [m[Kformat ‘[01m[K%s[m[K’ expects a matching ‘[01m[Kchar*[m[K’ argument [[01;35m[K-Wformat=[m[K]
[7.481s]   295 |   RCLCPP_INFO(ros_node_->get_logger(), [01;35m[K"Velodyne %slaser plugin ready"[m[K);
[7.481s]       |                                        [01;35m[K^~~~~~~~~~~~~~~~~~~~~~~~~~~~~~~[m[K
[7.481s] [01m[K/home/andrei/ros2_ws/src/velodyne_simulator/velodyne_gazebo_plugins/src/GazeboRosVelodyneLaser.cpp:295:51:[m[K [01;36m[Knote: [m[Kformat string is defined here
[7.481s]   295 |   RCLCPP_INFO(ros_node_->get_logger(), "Velodyne [01;36m[K%s[m[Klaser plugin ready");
[7.481s]       |                                                  [01;36m[K~^[m[K
[7.481s]       |                                                   [01;36m[K|[m[K
[7.481s]       |                                                   [01;36m[Kchar*[m[K
[10.255s] [100%] [32m[1mLinking CXX shared library libgazebo_ros_velodyne_laser.so[0m
[10.625s] [100%] Built target gazebo_ros_velodyne_laser
[10.633s] Invoked command in '/home/andrei/ros2_ws/build/velodyne_gazebo_plugins' returned '0': CMAKE_PREFIX_PATH=${CMAKE_PREFIX_PATH}:/home/andrei/ros2_ws/install/yolov5_ros:/home/andrei/ros2_ws/install/sjtu_drone_bringup:/home/andrei/ros2_ws/install/bounding_script_pkg:/opt/ros/humble /usr/bin/cmake --build /home/andrei/ros2_ws/build/velodyne_gazebo_plugins -- -j16 -l16
[10.649s] Invoking command in '/home/andrei/ros2_ws/build/velodyne_gazebo_plugins': CMAKE_PREFIX_PATH=${CMAKE_PREFIX_PATH}:/home/andrei/ros2_ws/install/yolov5_ros:/home/andrei/ros2_ws/install/sjtu_drone_bringup:/home/andrei/ros2_ws/install/bounding_script_pkg:/opt/ros/humble /usr/bin/cmake --install /home/andrei/ros2_ws/build/velodyne_gazebo_plugins
[10.654s] -- Install configuration: ""
[10.654s] -- Installing: /home/andrei/ros2_ws/install/velodyne_gazebo_plugins/share/velodyne_gazebo_plugins/environment/library_path.sh
[10.654s] -- Installing: /home/andrei/ros2_ws/install/velodyne_gazebo_plugins/share/velodyne_gazebo_plugins/environment/library_path.dsv
[10.654s] -- Installing: /home/andrei/ros2_ws/install/velodyne_gazebo_plugins/share/ament_index/resource_index/package_run_dependencies/velodyne_gazebo_plugins
[10.654s] -- Installing: /home/andrei/ros2_ws/install/velodyne_gazebo_plugins/share/ament_index/resource_index/parent_prefix_path/velodyne_gazebo_plugins
[10.654s] -- Installing: /home/andrei/ros2_ws/install/velodyne_gazebo_plugins/share/velodyne_gazebo_plugins/environment/ament_prefix_path.sh
[10.655s] -- Installing: /home/andrei/ros2_ws/install/velodyne_gazebo_plugins/share/velodyne_gazebo_plugins/environment/ament_prefix_path.dsv
[10.655s] -- Installing: /home/andrei/ros2_ws/install/velodyne_gazebo_plugins/share/velodyne_gazebo_plugins/environment/path.sh
[10.655s] -- Installing: /home/andrei/ros2_ws/install/velodyne_gazebo_plugins/share/velodyne_gazebo_plugins/environment/path.dsv
[10.655s] -- Installing: /home/andrei/ros2_ws/install/velodyne_gazebo_plugins/share/velodyne_gazebo_plugins/local_setup.bash
[10.655s] -- Installing: /home/andrei/ros2_ws/install/velodyne_gazebo_plugins/share/velodyne_gazebo_plugins/local_setup.sh
[10.655s] -- Installing: /home/andrei/ros2_ws/install/velodyne_gazebo_plugins/share/velodyne_gazebo_plugins/local_setup.zsh
[10.655s] -- Installing: /home/andrei/ros2_ws/install/velodyne_gazebo_plugins/share/velodyne_gazebo_plugins/local_setup.dsv
[10.655s] -- Installing: /home/andrei/ros2_ws/install/velodyne_gazebo_plugins/share/velodyne_gazebo_plugins/package.dsv
[10.655s] -- Installing: /home/andrei/ros2_ws/install/velodyne_gazebo_plugins/share/ament_index/resource_index/packages/velodyne_gazebo_plugins
[10.655s] -- Installing: /home/andrei/ros2_ws/install/velodyne_gazebo_plugins/share/velodyne_gazebo_plugins/cmake/ament_cmake_export_libraries-extras.cmake
[10.655s] -- Installing: /home/andrei/ros2_ws/install/velodyne_gazebo_plugins/share/velodyne_gazebo_plugins/cmake/ament_cmake_export_include_directories-extras.cmake
[10.656s] -- Installing: /home/andrei/ros2_ws/install/velodyne_gazebo_plugins/share/velodyne_gazebo_plugins/cmake/ament_cmake_export_dependencies-extras.cmake
[10.656s] -- Installing: /home/andrei/ros2_ws/install/velodyne_gazebo_plugins/share/velodyne_gazebo_plugins/cmake/velodyne_gazebo_pluginsConfig.cmake
[10.656s] -- Installing: /home/andrei/ros2_ws/install/velodyne_gazebo_plugins/share/velodyne_gazebo_plugins/cmake/velodyne_gazebo_pluginsConfig-version.cmake
[10.656s] -- Installing: /home/andrei/ros2_ws/install/velodyne_gazebo_plugins/share/velodyne_gazebo_plugins/package.xml
[10.656s] -- Installing: /home/andrei/ros2_ws/install/velodyne_gazebo_plugins/include
[10.656s] -- Installing: /home/andrei/ros2_ws/install/velodyne_gazebo_plugins/include/velodyne_gazebo_plugins
[10.656s] -- Installing: /home/andrei/ros2_ws/install/velodyne_gazebo_plugins/include/velodyne_gazebo_plugins/GazeboRosVelodyneLaser.h
[10.656s] -- Installing: /home/andrei/ros2_ws/install/velodyne_gazebo_plugins/lib/libgazebo_ros_velodyne_laser.so
[10.657s] -- Set runtime path of "/home/andrei/ros2_ws/install/velodyne_gazebo_plugins/lib/libgazebo_ros_velodyne_laser.so" to ""
[10.658s] Invoked command in '/home/andrei/ros2_ws/build/velodyne_gazebo_plugins' returned '0': CMAKE_PREFIX_PATH=${CMAKE_PREFIX_PATH}:/home/andrei/ros2_ws/install/yolov5_ros:/home/andrei/ros2_ws/install/sjtu_drone_bringup:/home/andrei/ros2_ws/install/bounding_script_pkg:/opt/ros/humble /usr/bin/cmake --install /home/andrei/ros2_ws/build/velodyne_gazebo_plugins
