[0.482s] DEBUG:colcon:Command line arguments: ['/home/andrei/.local/bin/colcon', 'build']
[0.482s] DEBUG:colcon:Parsed command line arguments: Namespace(log_base=None, log_level=None, verb_name='build', build_base='build', install_base='install', merge_install=False, symlink_install=False, test_result_base=None, continue_on_error=False, executor='parallel', parallel_workers=16, event_handlers=None, ignore_user_meta=False, metas=['./colcon.meta'], base_paths=['.'], packages_ignore=None, packages_ignore_regex=None, paths=None, packages_up_to=None, packages_up_to_regex=None, packages_above=None, packages_above_and_dependencies=None, packages_above_depth=None, packages_select_by_dep=None, packages_skip_by_dep=None, packages_skip_up_to=None, packages_select_build_failed=False, packages_skip_build_finished=False, packages_select_test_failures=False, packages_skip_test_passed=False, packages_select=None, packages_skip=None, packages_select_regex=None, packages_skip_regex=None, packages_start=None, packages_end=None, cmake_args=None, cmake_target=None, cmake_target_skip_unavailable=False, cmake_clean_cache=False, cmake_clean_first=False, cmake_force_configure=False, ament_cmake_args=None, catkin_cmake_args=None, catkin_skip_building_tests=False, verb_parser=<colcon_defaults.argument_parser.defaults.DefaultArgumentsDecorator object at 0x7f9e15a4a950>, verb_extension=<colcon_core.verb.build.BuildVerb object at 0x7f9e15a4af20>, main=<bound method BuildVerb.main of <colcon_core.verb.build.BuildVerb object at 0x7f9e15a4af20>>)
[0.507s] Level 1:colcon.colcon_core.package_discovery:discover_packages(colcon_meta) check parameters
[0.507s] Level 1:colcon.colcon_core.package_discovery:discover_packages(recursive) check parameters
[0.507s] Level 1:colcon.colcon_core.package_discovery:discover_packages(ignore) check parameters
[0.507s] Level 1:colcon.colcon_core.package_discovery:discover_packages(path) check parameters
[0.507s] Level 1:colcon.colcon_core.package_discovery:discover_packages(colcon_meta) discover
[0.507s] Level 1:colcon.colcon_core.package_discovery:discover_packages(recursive) discover
[0.507s] INFO:colcon.colcon_core.package_discovery:Crawling recursively for packages in '/home/andrei/ros2_ws/src/bounding_script_pkg'
[0.507s] Level 1:colcon.colcon_core.package_identification:_identify(.) by extensions ['ignore', 'ignore_ament_install']
[0.507s] Level 1:colcon.colcon_core.package_identification:_identify(.) by extension 'ignore'
[0.507s] Level 1:colcon.colcon_core.package_identification:_identify(.) by extension 'ignore_ament_install'
[0.507s] Level 1:colcon.colcon_core.package_identification:_identify(.) by extensions ['colcon_pkg']
[0.507s] Level 1:colcon.colcon_core.package_identification:_identify(.) by extension 'colcon_pkg'
[0.507s] Level 1:colcon.colcon_core.package_identification:_identify(.) by extensions ['colcon_meta']
[0.507s] Level 1:colcon.colcon_core.package_identification:_identify(.) by extension 'colcon_meta'
[0.507s] Level 1:colcon.colcon_core.package_identification:_identify(.) by extensions ['ros']
[0.507s] Level 1:colcon.colcon_core.package_identification:_identify(.) by extension 'ros'
[0.516s] DEBUG:colcon.colcon_core.package_identification:Package '.' with type 'ros.ament_python' and name 'bounding_script_pkg'
[0.516s] Level 1:colcon.colcon_core.package_discovery:discover_packages(recursive) using defaults
[0.516s] Level 1:colcon.colcon_core.package_discovery:discover_packages(ignore) discover
[0.516s] Level 1:colcon.colcon_core.package_discovery:discover_packages(ignore) using defaults
[0.516s] Level 1:colcon.colcon_core.package_discovery:discover_packages(path) discover
[0.516s] Level 1:colcon.colcon_core.package_discovery:discover_packages(path) using defaults
[0.556s] Level 5:colcon.colcon_core.verb:set package 'bounding_script_pkg' build argument 'cmake_args' from command line to 'None'
[0.556s] Level 5:colcon.colcon_core.verb:set package 'bounding_script_pkg' build argument 'cmake_target' from command line to 'None'
[0.556s] Level 5:colcon.colcon_core.verb:set package 'bounding_script_pkg' build argument 'cmake_target_skip_unavailable' from command line to 'False'
[0.556s] Level 5:colcon.colcon_core.verb:set package 'bounding_script_pkg' build argument 'cmake_clean_cache' from command line to 'False'
[0.556s] Level 5:colcon.colcon_core.verb:set package 'bounding_script_pkg' build argument 'cmake_clean_first' from command line to 'False'
[0.556s] Level 5:colcon.colcon_core.verb:set package 'bounding_script_pkg' build argument 'cmake_force_configure' from command line to 'False'
[0.556s] Level 5:colcon.colcon_core.verb:set package 'bounding_script_pkg' build argument 'ament_cmake_args' from command line to 'None'
[0.556s] Level 5:colcon.colcon_core.verb:set package 'bounding_script_pkg' build argument 'catkin_cmake_args' from command line to 'None'
[0.556s] Level 5:colcon.colcon_core.verb:set package 'bounding_script_pkg' build argument 'catkin_skip_building_tests' from command line to 'False'
[0.556s] DEBUG:colcon.colcon_core.verb:Building package 'bounding_script_pkg' with the following arguments: {'ament_cmake_args': None, 'build_base': '/home/andrei/ros2_ws/src/bounding_script_pkg/build/bounding_script_pkg', 'catkin_cmake_args': None, 'catkin_skip_building_tests': False, 'cmake_args': None, 'cmake_clean_cache': False, 'cmake_clean_first': False, 'cmake_force_configure': False, 'cmake_target': None, 'cmake_target_skip_unavailable': False, 'install_base': '/home/andrei/ros2_ws/src/bounding_script_pkg/install/bounding_script_pkg', 'merge_install': False, 'path': '/home/andrei/ros2_ws/src/bounding_script_pkg', 'symlink_install': False, 'test_result_base': None}
[0.563s] INFO:colcon.colcon_core.executor:Executing jobs using 'parallel' executor
[0.570s] DEBUG:colcon.colcon_parallel_executor.executor.parallel:run_until_complete
[0.570s] INFO:colcon.colcon_ros.task.ament_python.build:Building ROS package in '/home/andrei/ros2_ws/src/bounding_script_pkg' with build type 'ament_python'
[0.570s] Level 1:colcon.colcon_core.shell:create_environment_hook('bounding_script_pkg', 'ament_prefix_path')
[0.578s] INFO:colcon.colcon_core.plugin_system:Skipping extension 'colcon_core.shell.bat': Not used on non-Windows systems
[0.578s] INFO:colcon.colcon_core.shell:Creating environment hook '/home/andrei/ros2_ws/src/bounding_script_pkg/install/bounding_script_pkg/share/bounding_script_pkg/hook/ament_prefix_path.ps1'
[0.579s] INFO:colcon.colcon_core.shell:Creating environment descriptor '/home/andrei/ros2_ws/src/bounding_script_pkg/install/bounding_script_pkg/share/bounding_script_pkg/hook/ament_prefix_path.dsv'
[0.579s] INFO:colcon.colcon_core.shell:Creating environment hook '/home/andrei/ros2_ws/src/bounding_script_pkg/install/bounding_script_pkg/share/bounding_script_pkg/hook/ament_prefix_path.sh'
[0.586s] INFO:colcon.colcon_core.shell:Skip shell extension 'powershell' for command environment: Not usable outside of PowerShell
[0.586s] DEBUG:colcon.colcon_core.shell:Skip shell extension 'dsv' for command environment
[0.749s] INFO:colcon.colcon_core.task.python.build:Building Python package in '/home/andrei/ros2_ws/src/bounding_script_pkg'
[0.756s] INFO:colcon.colcon_core.shell:Skip shell extension 'powershell' for command environment: Not usable outside of PowerShell
[0.756s] DEBUG:colcon.colcon_core.shell:Skip shell extension 'dsv' for command environment
[0.967s] DEBUG:colcon.colcon_core.event_handler.log_command:Invoking command in '/home/andrei/ros2_ws/src/bounding_script_pkg': PYTHONPATH=/home/andrei/ros2_ws/src/bounding_script_pkg/build/bounding_script_pkg/prefix_override:/home/andrei/ros2_ws/src/bounding_script_pkg/install/bounding_script_pkg/lib/python3.10/site-packages:${PYTHONPATH} /usr/bin/python3 setup.py egg_info --egg-base build/bounding_script_pkg build --build-base /home/andrei/ros2_ws/src/bounding_script_pkg/build/bounding_script_pkg/build install --record /home/andrei/ros2_ws/src/bounding_script_pkg/build/bounding_script_pkg/install.log --single-version-externally-managed
[1.135s] DEBUG:colcon.colcon_core.event_handler.log_command:Invoked command in '/home/andrei/ros2_ws/src/bounding_script_pkg' returned '0': PYTHONPATH=/home/andrei/ros2_ws/src/bounding_script_pkg/build/bounding_script_pkg/prefix_override:/home/andrei/ros2_ws/src/bounding_script_pkg/install/bounding_script_pkg/lib/python3.10/site-packages:${PYTHONPATH} /usr/bin/python3 setup.py egg_info --egg-base build/bounding_script_pkg build --build-base /home/andrei/ros2_ws/src/bounding_script_pkg/build/bounding_script_pkg/build install --record /home/andrei/ros2_ws/src/bounding_script_pkg/build/bounding_script_pkg/install.log --single-version-externally-managed
[1.142s] Level 1:colcon.colcon_core.environment:checking '/home/andrei/ros2_ws/src/bounding_script_pkg/install/bounding_script_pkg' for CMake module files
[1.143s] Level 1:colcon.colcon_core.environment:checking '/home/andrei/ros2_ws/src/bounding_script_pkg/install/bounding_script_pkg' for CMake config files
[1.143s] Level 1:colcon.colcon_core.environment:checking '/home/andrei/ros2_ws/src/bounding_script_pkg/install/bounding_script_pkg/lib'
[1.143s] Level 1:colcon.colcon_core.environment:checking '/home/andrei/ros2_ws/src/bounding_script_pkg/install/bounding_script_pkg/bin'
[1.143s] Level 1:colcon.colcon_core.environment:checking '/home/andrei/ros2_ws/src/bounding_script_pkg/install/bounding_script_pkg/lib/pkgconfig/bounding_script_pkg.pc'
[1.143s] Level 1:colcon.colcon_core.environment:checking '/home/andrei/ros2_ws/src/bounding_script_pkg/install/bounding_script_pkg/lib/python3.10/site-packages'
[1.143s] Level 1:colcon.colcon_core.shell:create_environment_hook('bounding_script_pkg', 'pythonpath')
[1.150s] INFO:colcon.colcon_core.shell:Creating environment hook '/home/andrei/ros2_ws/src/bounding_script_pkg/install/bounding_script_pkg/share/bounding_script_pkg/hook/pythonpath.ps1'
[1.151s] INFO:colcon.colcon_core.shell:Creating environment descriptor '/home/andrei/ros2_ws/src/bounding_script_pkg/install/bounding_script_pkg/share/bounding_script_pkg/hook/pythonpath.dsv'
[1.151s] INFO:colcon.colcon_core.shell:Creating environment hook '/home/andrei/ros2_ws/src/bounding_script_pkg/install/bounding_script_pkg/share/bounding_script_pkg/hook/pythonpath.sh'
[1.151s] Level 1:colcon.colcon_core.environment:checking '/home/andrei/ros2_ws/src/bounding_script_pkg/install/bounding_script_pkg/bin'
[1.151s] Level 1:colcon.colcon_core.environment:create_environment_scripts_only(bounding_script_pkg)
[1.158s] INFO:colcon.colcon_core.shell:Creating package script '/home/andrei/ros2_ws/src/bounding_script_pkg/install/bounding_script_pkg/share/bounding_script_pkg/package.ps1'
[1.158s] INFO:colcon.colcon_core.shell:Creating package descriptor '/home/andrei/ros2_ws/src/bounding_script_pkg/install/bounding_script_pkg/share/bounding_script_pkg/package.dsv'
[1.159s] INFO:colcon.colcon_core.shell:Creating package script '/home/andrei/ros2_ws/src/bounding_script_pkg/install/bounding_script_pkg/share/bounding_script_pkg/package.sh'
[1.159s] INFO:colcon.colcon_core.shell:Creating package script '/home/andrei/ros2_ws/src/bounding_script_pkg/install/bounding_script_pkg/share/bounding_script_pkg/package.bash'
[1.159s] INFO:colcon.colcon_core.shell:Creating package script '/home/andrei/ros2_ws/src/bounding_script_pkg/install/bounding_script_pkg/share/bounding_script_pkg/package.zsh'
[1.160s] Level 1:colcon.colcon_core.environment:create_file_with_runtime_dependencies(/home/andrei/ros2_ws/src/bounding_script_pkg/install/bounding_script_pkg/share/colcon-core/packages/bounding_script_pkg)
[1.160s] DEBUG:colcon.colcon_parallel_executor.executor.parallel:closing loop
[1.160s] DEBUG:colcon.colcon_parallel_executor.executor.parallel:loop closed
[1.160s] DEBUG:colcon.colcon_parallel_executor.executor.parallel:run_until_complete finished with '0'
[1.160s] DEBUG:colcon.colcon_core.event_reactor:joining thread
[1.170s] INFO:colcon.colcon_core.plugin_system:Skipping extension 'colcon_notification.desktop_notification.terminal_notifier': Not used on non-Darwin systems
[1.170s] INFO:colcon.colcon_core.plugin_system:Skipping extension 'colcon_notification.desktop_notification.win32': Not used on non-Windows systems
[1.170s] INFO:colcon.colcon_notification.desktop_notification:Sending desktop notification using 'notify2'
[1.180s] DEBUG:colcon.colcon_core.event_reactor:joined thread
[1.187s] INFO:colcon.colcon_core.shell:Creating prefix script '/home/andrei/ros2_ws/src/bounding_script_pkg/install/local_setup.ps1'
[1.188s] INFO:colcon.colcon_core.shell:Creating prefix util module '/home/andrei/ros2_ws/src/bounding_script_pkg/install/_local_setup_util_ps1.py'
[1.188s] INFO:colcon.colcon_core.shell:Creating prefix chain script '/home/andrei/ros2_ws/src/bounding_script_pkg/install/setup.ps1'
[1.195s] INFO:colcon.colcon_core.shell:Creating prefix script '/home/andrei/ros2_ws/src/bounding_script_pkg/install/local_setup.sh'
[1.196s] INFO:colcon.colcon_core.shell:Creating prefix util module '/home/andrei/ros2_ws/src/bounding_script_pkg/install/_local_setup_util_sh.py'
[1.196s] INFO:colcon.colcon_core.shell:Creating prefix chain script '/home/andrei/ros2_ws/src/bounding_script_pkg/install/setup.sh'
[1.203s] INFO:colcon.colcon_core.shell:Creating prefix script '/home/andrei/ros2_ws/src/bounding_script_pkg/install/local_setup.bash'
[1.203s] INFO:colcon.colcon_core.shell:Creating prefix chain script '/home/andrei/ros2_ws/src/bounding_script_pkg/install/setup.bash'
[1.211s] INFO:colcon.colcon_core.shell:Creating prefix script '/home/andrei/ros2_ws/src/bounding_script_pkg/install/local_setup.zsh'
[1.211s] INFO:colcon.colcon_core.shell:Creating prefix chain script '/home/andrei/ros2_ws/src/bounding_script_pkg/install/setup.zsh'
