[0.977s] Invoking command in '/home/andrei/ros2_ws/sjtu_drone/sjtu_drone_bringup': PYTHONPATH=/home/andrei/ros2_ws/build/sjtu_drone_bringup/prefix_override:/home/andrei/ros2_ws/install/sjtu_drone_bringup/lib/python3.10/site-packages:${PYTHONPATH} /usr/bin/python3 setup.py egg_info --egg-base ../../build/sjtu_drone_bringup build --build-base /home/andrei/ros2_ws/build/sjtu_drone_bringup/build install --record /home/andrei/ros2_ws/build/sjtu_drone_bringup/install.log --single-version-externally-managed
[1.109s] running egg_info
[1.109s] creating ../../build/sjtu_drone_bringup/sjtu_drone_bringup.egg-info
[1.117s] writing ../../build/sjtu_drone_bringup/sjtu_drone_bringup.egg-info/PKG-INFO
[1.117s] writing dependency_links to ../../build/sjtu_drone_bringup/sjtu_drone_bringup.egg-info/dependency_links.txt
[1.117s] writing entry points to ../../build/sjtu_drone_bringup/sjtu_drone_bringup.egg-info/entry_points.txt
[1.117s] writing requirements to ../../build/sjtu_drone_bringup/sjtu_drone_bringup.egg-info/requires.txt
[1.117s] writing top-level names to ../../build/sjtu_drone_bringup/sjtu_drone_bringup.egg-info/top_level.txt
[1.117s] writing manifest file '../../build/sjtu_drone_bringup/sjtu_drone_bringup.egg-info/SOURCES.txt'
[1.134s] reading manifest file '../../build/sjtu_drone_bringup/sjtu_drone_bringup.egg-info/SOURCES.txt'
[1.135s] writing manifest file '../../build/sjtu_drone_bringup/sjtu_drone_bringup.egg-info/SOURCES.txt'
[1.135s] running build
[1.135s] running build_py
[1.135s] creating /home/andrei/ros2_ws/build/sjtu_drone_bringup/build
[1.135s] creating /home/andrei/ros2_ws/build/sjtu_drone_bringup/build/lib
[1.135s] creating /home/andrei/ros2_ws/build/sjtu_drone_bringup/build/lib/sjtu_drone_bringup
[1.135s] copying sjtu_drone_bringup/spawn_drone.py -> /home/andrei/ros2_ws/build/sjtu_drone_bringup/build/lib/sjtu_drone_bringup
[1.135s] copying sjtu_drone_bringup/__init__.py -> /home/andrei/ros2_ws/build/sjtu_drone_bringup/build/lib/sjtu_drone_bringup
[1.136s] /home/andrei/.local/lib/python3.10/site-packages/setuptools/_distutils/cmd.py:66: SetuptoolsDeprecationWarning: setup.py install is deprecated.
[1.136s] !!
[1.136s] 
[1.136s]         ********************************************************************************
[1.136s]         Please avoid running ``setup.py`` directly.
[1.136s]         Instead, use pypa/build, pypa/installer or other
[1.136s]         standards-based tools.
[1.136s] 
[1.136s]         See https://blog.ganssle.io/articles/2021/10/setup-py-deprecated.html for details.
[1.136s]         ********************************************************************************
[1.136s] 
[1.136s] !!
[1.136s]   self.initialize_options()
[1.136s] running install
[1.139s] running install_lib
[1.147s] creating /home/andrei/ros2_ws/install/sjtu_drone_bringup/lib/python3.10/site-packages/sjtu_drone_bringup
[1.147s] copying /home/andrei/ros2_ws/build/sjtu_drone_bringup/build/lib/sjtu_drone_bringup/spawn_drone.py -> /home/andrei/ros2_ws/install/sjtu_drone_bringup/lib/python3.10/site-packages/sjtu_drone_bringup
[1.147s] copying /home/andrei/ros2_ws/build/sjtu_drone_bringup/build/lib/sjtu_drone_bringup/__init__.py -> /home/andrei/ros2_ws/install/sjtu_drone_bringup/lib/python3.10/site-packages/sjtu_drone_bringup
[1.147s] byte-compiling /home/andrei/ros2_ws/install/sjtu_drone_bringup/lib/python3.10/site-packages/sjtu_drone_bringup/spawn_drone.py to spawn_drone.cpython-310.pyc
[1.148s] byte-compiling /home/andrei/ros2_ws/install/sjtu_drone_bringup/lib/python3.10/site-packages/sjtu_drone_bringup/__init__.py to __init__.cpython-310.pyc
[1.148s] running install_data
[1.156s] creating /home/andrei/ros2_ws/install/sjtu_drone_bringup/share/ament_index
[1.156s] creating /home/andrei/ros2_ws/install/sjtu_drone_bringup/share/ament_index/resource_index
[1.157s] creating /home/andrei/ros2_ws/install/sjtu_drone_bringup/share/ament_index/resource_index/packages
[1.157s] copying resource/sjtu_drone_bringup -> /home/andrei/ros2_ws/install/sjtu_drone_bringup/share/ament_index/resource_index/packages
[1.157s] copying package.xml -> /home/andrei/ros2_ws/install/sjtu_drone_bringup/share/sjtu_drone_bringup
[1.157s] creating /home/andrei/ros2_ws/install/sjtu_drone_bringup/share/sjtu_drone_bringup/launch
[1.157s] copying launch/sjtu_drone_bringup.launch.py -> /home/andrei/ros2_ws/install/sjtu_drone_bringup/share/sjtu_drone_bringup/launch
[1.157s] copying launch/sjtu_drone_gazebo.launch.py -> /home/andrei/ros2_ws/install/sjtu_drone_bringup/share/sjtu_drone_bringup/launch
[1.157s] creating /home/andrei/ros2_ws/install/sjtu_drone_bringup/share/sjtu_drone_bringup/rviz
[1.157s] copying rviz/rviz.rviz -> /home/andrei/ros2_ws/install/sjtu_drone_bringup/share/sjtu_drone_bringup/rviz
[1.157s] running install_egg_info
[1.166s] Copying ../../build/sjtu_drone_bringup/sjtu_drone_bringup.egg-info to /home/andrei/ros2_ws/install/sjtu_drone_bringup/lib/python3.10/site-packages/sjtu_drone_bringup-0.0.0-py3.10.egg-info
[1.166s] running install_scripts
[1.239s] Installing spawn_drone script to /home/andrei/ros2_ws/install/sjtu_drone_bringup/lib/sjtu_drone_bringup
[1.239s] writing list of installed files to '/home/andrei/ros2_ws/build/sjtu_drone_bringup/install.log'
[1.258s] Invoked command in '/home/andrei/ros2_ws/sjtu_drone/sjtu_drone_bringup' returned '0': PYTHONPATH=/home/andrei/ros2_ws/build/sjtu_drone_bringup/prefix_override:/home/andrei/ros2_ws/install/sjtu_drone_bringup/lib/python3.10/site-packages:${PYTHONPATH} /usr/bin/python3 setup.py egg_info --egg-base ../../build/sjtu_drone_bringup build --build-base /home/andrei/ros2_ws/build/sjtu_drone_bringup/build install --record /home/andrei/ros2_ws/build/sjtu_drone_bringup/install.log --single-version-externally-managed
