[0.271s] Invoking command in '/home/andrei/ros2_ws/build/velodyne_gazebo_plugins': CMAKE_PREFIX_PATH=${CMAKE_PREFIX_PATH}:/home/andrei/ros2_ws/install/yolov5_ros:/home/andrei/ros2_ws/install/sjtu_drone_bringup:/home/andrei/ros2_ws/install/bounding_script_pkg:/opt/ros/humble /usr/bin/cmake --build /home/andrei/ros2_ws/build/velodyne_gazebo_plugins -- -j16 -l16
[0.809s] [100%] Built target gazebo_ros_velodyne_laser
[0.812s] Invoked command in '/home/andrei/ros2_ws/build/velodyne_gazebo_plugins' returned '0': CMAKE_PREFIX_PATH=${CMAKE_PREFIX_PATH}:/home/andrei/ros2_ws/install/yolov5_ros:/home/andrei/ros2_ws/install/sjtu_drone_bringup:/home/andrei/ros2_ws/install/bounding_script_pkg:/opt/ros/humble /usr/bin/cmake --build /home/andrei/ros2_ws/build/velodyne_gazebo_plugins -- -j16 -l16
[0.834s] Invoking command in '/home/andrei/ros2_ws/build/velodyne_gazebo_plugins': CMAKE_PREFIX_PATH=${CMAKE_PREFIX_PATH}:/home/andrei/ros2_ws/install/yolov5_ros:/home/andrei/ros2_ws/install/sjtu_drone_bringup:/home/andrei/ros2_ws/install/bounding_script_pkg:/opt/ros/humble /usr/bin/cmake --install /home/andrei/ros2_ws/build/velodyne_gazebo_plugins
[0.839s] -- Install configuration: ""
[0.840s] -- Up-to-date: /home/andrei/ros2_ws/install/velodyne_gazebo_plugins/share/velodyne_gazebo_plugins/environment/library_path.sh
[0.840s] -- Up-to-date: /home/andrei/ros2_ws/install/velodyne_gazebo_plugins/share/velodyne_gazebo_plugins/environment/library_path.dsv
[0.840s] -- Up-to-date: /home/andrei/ros2_ws/install/velodyne_gazebo_plugins/share/ament_index/resource_index/package_run_dependencies/velodyne_gazebo_plugins
[0.840s] -- Up-to-date: /home/andrei/ros2_ws/install/velodyne_gazebo_plugins/share/ament_index/resource_index/parent_prefix_path/velodyne_gazebo_plugins
[0.840s] -- Up-to-date: /home/andrei/ros2_ws/install/velodyne_gazebo_plugins/share/velodyne_gazebo_plugins/environment/ament_prefix_path.sh
[0.840s] -- Up-to-date: /home/andrei/ros2_ws/install/velodyne_gazebo_plugins/share/velodyne_gazebo_plugins/environment/ament_prefix_path.dsv
[0.841s] -- Up-to-date: /home/andrei/ros2_ws/install/velodyne_gazebo_plugins/share/velodyne_gazebo_plugins/environment/path.sh
[0.841s] -- Up-to-date: /home/andrei/ros2_ws/install/velodyne_gazebo_plugins/share/velodyne_gazebo_plugins/environment/path.dsv
[0.841s] -- Up-to-date: /home/andrei/ros2_ws/install/velodyne_gazebo_plugins/share/velodyne_gazebo_plugins/local_setup.bash
[0.841s] -- Up-to-date: /home/andrei/ros2_ws/install/velodyne_gazebo_plugins/share/velodyne_gazebo_plugins/local_setup.sh
[0.841s] -- Up-to-date: /home/andrei/ros2_ws/install/velodyne_gazebo_plugins/share/velodyne_gazebo_plugins/local_setup.zsh
[0.841s] -- Up-to-date: /home/andrei/ros2_ws/install/velodyne_gazebo_plugins/share/velodyne_gazebo_plugins/local_setup.dsv
[0.841s] -- Installing: /home/andrei/ros2_ws/install/velodyne_gazebo_plugins/share/velodyne_gazebo_plugins/package.dsv
[0.842s] -- Up-to-date: /home/andrei/ros2_ws/install/velodyne_gazebo_plugins/share/ament_index/resource_index/packages/velodyne_gazebo_plugins
[0.842s] -- Up-to-date: /home/andrei/ros2_ws/install/velodyne_gazebo_plugins/share/velodyne_gazebo_plugins/cmake/ament_cmake_export_libraries-extras.cmake
[0.842s] -- Up-to-date: /home/andrei/ros2_ws/install/velodyne_gazebo_plugins/share/velodyne_gazebo_plugins/cmake/ament_cmake_export_include_directories-extras.cmake
[0.842s] -- Up-to-date: /home/andrei/ros2_ws/install/velodyne_gazebo_plugins/share/velodyne_gazebo_plugins/cmake/ament_cmake_export_dependencies-extras.cmake
[0.842s] -- Up-to-date: /home/andrei/ros2_ws/install/velodyne_gazebo_plugins/share/velodyne_gazebo_plugins/cmake/velodyne_gazebo_pluginsConfig.cmake
[0.843s] -- Up-to-date: /home/andrei/ros2_ws/install/velodyne_gazebo_plugins/share/velodyne_gazebo_plugins/cmake/velodyne_gazebo_pluginsConfig-version.cmake
[0.843s] -- Up-to-date: /home/andrei/ros2_ws/install/velodyne_gazebo_plugins/share/velodyne_gazebo_plugins/package.xml
[0.843s] -- Up-to-date: /home/andrei/ros2_ws/install/velodyne_gazebo_plugins/include
[0.843s] -- Up-to-date: /home/andrei/ros2_ws/install/velodyne_gazebo_plugins/include/velodyne_gazebo_plugins
[0.843s] -- Up-to-date: /home/andrei/ros2_ws/install/velodyne_gazebo_plugins/include/velodyne_gazebo_plugins/GazeboRosVelodyneLaser.h
[0.844s] -- Up-to-date: /home/andrei/ros2_ws/install/velodyne_gazebo_plugins/lib/libgazebo_ros_velodyne_laser.so
[0.852s] Invoked command in '/home/andrei/ros2_ws/build/velodyne_gazebo_plugins' returned '0': CMAKE_PREFIX_PATH=${CMAKE_PREFIX_PATH}:/home/andrei/ros2_ws/install/yolov5_ros:/home/andrei/ros2_ws/install/sjtu_drone_bringup:/home/andrei/ros2_ws/install/bounding_script_pkg:/opt/ros/humble /usr/bin/cmake --install /home/andrei/ros2_ws/build/velodyne_gazebo_plugins
