[0.970s] Invoking command in '/home/andrei/ros2_ws/src/yolov5_ros': PYTHONPATH=/home/andrei/ros2_ws/build/yolov5_ros/prefix_override:/home/andrei/ros2_ws/install/yolov5_ros/lib/python3.10/site-packages:${PYTHONPATH} /usr/bin/python3 setup.py egg_info --egg-base ../../build/yolov5_ros build --build-base /home/andrei/ros2_ws/build/yolov5_ros/build install --record /home/andrei/ros2_ws/build/yolov5_ros/install.log --single-version-externally-managed
[1.154s] running egg_info
[1.162s] writing ../../build/yolov5_ros/yolov5_ros.egg-info/PKG-INFO
[1.163s] writing dependency_links to ../../build/yolov5_ros/yolov5_ros.egg-info/dependency_links.txt
[1.163s] writing entry points to ../../build/yolov5_ros/yolov5_ros.egg-info/entry_points.txt
[1.163s] writing requirements to ../../build/yolov5_ros/yolov5_ros.egg-info/requires.txt
[1.163s] writing top-level names to ../../build/yolov5_ros/yolov5_ros.egg-info/top_level.txt
[1.180s] reading manifest file '../../build/yolov5_ros/yolov5_ros.egg-info/SOURCES.txt'
[1.180s] writing manifest file '../../build/yolov5_ros/yolov5_ros.egg-info/SOURCES.txt'
[1.180s] running build
[1.180s] running build_py
[1.180s] copying yolov5_ros/object_detector.py -> /home/andrei/ros2_ws/build/yolov5_ros/build/lib/yolov5_ros
[1.180s] copying yolov5_ros/__init__.py -> /home/andrei/ros2_ws/build/yolov5_ros/build/lib/yolov5_ros
[1.180s] running install
[1.181s] /home/andrei/.local/lib/python3.10/site-packages/setuptools/_distutils/cmd.py:66: SetuptoolsDeprecationWarning: setup.py install is deprecated.
[1.181s] !!
[1.181s] 
[1.181s]         ********************************************************************************
[1.181s]         Please avoid running ``setup.py`` directly.
[1.181s]         Instead, use pypa/build, pypa/installer or other
[1.181s]         standards-based tools.
[1.181s] 
[1.181s]         See https://blog.ganssle.io/articles/2021/10/setup-py-deprecated.html for details.
[1.181s]         ********************************************************************************
[1.181s] 
[1.181s] !!
[1.181s]   self.initialize_options()
[1.184s] running install_lib
[1.192s] running install_data
[1.201s] copying package.xml -> /home/andrei/ros2_ws/install/yolov5_ros/share/yolov5_ros
[1.201s] copying launch/yolov5_launch.py -> /home/andrei/ros2_ws/install/yolov5_ros/share/yolov5_ros/launch
[1.201s] running install_egg_info
[1.209s] removing '/home/andrei/ros2_ws/install/yolov5_ros/lib/python3.10/site-packages/yolov5_ros-0.0.1-py3.10.egg-info' (and everything under it)
[1.210s] Copying ../../build/yolov5_ros/yolov5_ros.egg-info to /home/andrei/ros2_ws/install/yolov5_ros/lib/python3.10/site-packages/yolov5_ros-0.0.1-py3.10.egg-info
[1.210s] running install_scripts
[1.287s] Installing object_detector script to /home/andrei/ros2_ws/install/yolov5_ros/lib/yolov5_ros
[1.287s] writing list of installed files to '/home/andrei/ros2_ws/build/yolov5_ros/install.log'
[1.306s] Invoked command in '/home/andrei/ros2_ws/src/yolov5_ros' returned '0': PYTHONPATH=/home/andrei/ros2_ws/build/yolov5_ros/prefix_override:/home/andrei/ros2_ws/install/yolov5_ros/lib/python3.10/site-packages:${PYTHONPATH} /usr/bin/python3 setup.py egg_info --egg-base ../../build/yolov5_ros build --build-base /home/andrei/ros2_ws/build/yolov5_ros/build install --record /home/andrei/ros2_ws/build/yolov5_ros/install.log --single-version-externally-managed
