-- The C compiler identification is GNU 9.5.0
-- The CXX compiler identification is GNU 9.5.0
-- Detecting C compiler ABI info
-- Detecting C compiler ABI info - done
-- Check for working C compiler: /usr/bin/cc - skipped
-- Detecting C compile features
-- Detecting C compile features - done
-- Detecting CXX compiler ABI info
-- Detecting CXX compiler ABI info - done
-- Check for working CXX compiler: /usr/bin/c++ - skipped
-- Detecting CXX compile features
-- Detecting CXX compile features - done
-- Found ament_cmake: 1.3.9 (/opt/ros/humble/share/ament_cmake/cmake)
-- Found Python3: /usr/bin/python3 (found version "3.10.12") found components: Interpreter 
-- Found rclcpp: 16.0.8 (/opt/ros/humble/share/rclcpp/cmake)
-- Found rosidl_generator_c: 3.1.5 (/opt/ros/humble/share/rosidl_generator_c/cmake)
-- Found rosidl_adapter: 3.1.5 (/opt/ros/humble/share/rosidl_adapter/cmake)
-- Found rosidl_generator_cpp: 3.1.5 (/opt/ros/humble/share/rosidl_generator_cpp/cmake)
-- Using all available rosidl_typesupport_c: rosidl_typesupport_fastrtps_c;rosidl_typesupport_introspection_c
-- Using all available rosidl_typesupport_cpp: rosidl_typesupport_fastrtps_cpp;rosidl_typesupport_introspection_cpp
-- Found rmw_implementation_cmake: 6.1.1 (/opt/ros/humble/share/rmw_implementation_cmake/cmake)
-- Found rmw_fastrtps_cpp: 6.2.6 (/opt/ros/humble/share/rmw_fastrtps_cpp/cmake)
-- Found OpenSSL: /usr/lib/x86_64-linux-gnu/libcrypto.so (found version "3.0.2")  
-- Found FastRTPS: /opt/ros/humble/include  
-- Using RMW implementation 'rmw_fastrtps_cpp' as default
-- Looking for pthread.h
-- Looking for pthread.h - found
-- Performing Test CMAKE_HAVE_LIBC_PTHREAD
-- Performing Test CMAKE_HAVE_LIBC_PTHREAD - Success
-- Found Threads: TRUE  
-- Found sensor_msgs: 4.2.3 (/opt/ros/humble/share/sensor_msgs/cmake)
-- Found tf2: 0.25.6 (/opt/ros/humble/share/tf2/cmake)
-- Found tf2_ros: 0.25.6 (/opt/ros/humble/share/tf2_ros/cmake)
-- Found tf2_sensor_msgs: 0.25.6 (/opt/ros/humble/share/tf2_sensor_msgs/cmake)
-- Configuring done
-- Generating done
-- Build files have been written to: /home/andrei/ros2_ws/build/point_cloud_transformer
[ 50%] [32mBuilding CXX object CMakeFiles/point_cloud_transformer_node.dir/src/point_cloud_transformer_node.cpp.o[0m
[100%] [32m[1mLinking CXX executable point_cloud_transformer_node[0m
[100%] Built target point_cloud_transformer_node
-- Install configuration: ""
-- Installing: /home/andrei/ros2_ws/install/point_cloud_transformer/lib/point_cloud_transformer/point_cloud_transformer_node
-- Set runtime path of "/home/andrei/ros2_ws/install/point_cloud_transformer/lib/point_cloud_transformer/point_cloud_transformer_node" to ""
-- Installing: /home/andrei/ros2_ws/install/point_cloud_transformer/share/ament_index/resource_index/package_run_dependencies/point_cloud_transformer
-- Installing: /home/andrei/ros2_ws/install/point_cloud_transformer/share/ament_index/resource_index/parent_prefix_path/point_cloud_transformer
-- Installing: /home/andrei/ros2_ws/install/point_cloud_transformer/share/point_cloud_transformer/environment/ament_prefix_path.sh
-- Installing: /home/andrei/ros2_ws/install/point_cloud_transformer/share/point_cloud_transformer/environment/ament_prefix_path.dsv
-- Installing: /home/andrei/ros2_ws/install/point_cloud_transformer/share/point_cloud_transformer/environment/path.sh
-- Installing: /home/andrei/ros2_ws/install/point_cloud_transformer/share/point_cloud_transformer/environment/path.dsv
-- Installing: /home/andrei/ros2_ws/install/point_cloud_transformer/share/point_cloud_transformer/local_setup.bash
-- Installing: /home/andrei/ros2_ws/install/point_cloud_transformer/share/point_cloud_transformer/local_setup.sh
-- Installing: /home/andrei/ros2_ws/install/point_cloud_transformer/share/point_cloud_transformer/local_setup.zsh
-- Installing: /home/andrei/ros2_ws/install/point_cloud_transformer/share/point_cloud_transformer/local_setup.dsv
-- Installing: /home/andrei/ros2_ws/install/point_cloud_transformer/share/point_cloud_transformer/package.dsv
-- Installing: /home/andrei/ros2_ws/install/point_cloud_transformer/share/ament_index/resource_index/packages/point_cloud_transformer
-- Installing: /home/andrei/ros2_ws/install/point_cloud_transformer/share/point_cloud_transformer/cmake/point_cloud_transformerConfig.cmake
-- Installing: /home/andrei/ros2_ws/install/point_cloud_transformer/share/point_cloud_transformer/cmake/point_cloud_transformerConfig-version.cmake
-- Installing: /home/andrei/ros2_ws/install/point_cloud_transformer/share/point_cloud_transformer/package.xml
